/home/arogya/.local/lib/python3.9/site-packages/geopandas/_compat.py:111: UserWarning: The Shapely GEOS version (3.10.2-CAPI-1.16.0) is incompatible with the GEOS version PyGEOS was compiled with (3.10.1-CAPI-1.16.0). Conversions between both will be slow.
  warnings.warn(
*** Earth Engine *** FINAL DEADLINE: ee.Authenticate will fail after 2022-06-06. Please upgrade. https://developers.google.com/earth-engine/guides/python_install
--- Generating grids...
--------- Generating grid at 2500mx2500m ...
--------- Grid generation complete. Saving to disk...
#################### Output Columns: Index(['FID', 'geometry'], dtype='object')
#################### Output Columns: Index(['pgrid_id', 'geometry', 'DISTID', 'OBJECTID', 'PROV_34_NA',
       'DIST_34_NA', 'PROVID', 'poppy_ha', 'ag_ha', 'poppy_perc', 'quantile',
       'rank'],
      dtype='object')
--------- Successfully saved to disk: ../data/interim/parent.gpkg
--------- Generating grid at 250mx250m ...
--------- Grid generation complete. Saving to disk...
#################### Output Columns: Index(['FID', 'geometry'], dtype='object')
#################### Output Columns: Index(['grid_id', 'geometry', 'DISTID', 'OBJECTID', 'PROV_34_NA', 'DIST_34_NA',
       'PROVID', 'poppy_ha', 'ag_ha', 'poppy_perc', 'quantile', 'rank'],
      dtype='object')
--------- Successfully saved to disk: ../data/interim/child.gpkg
--------- Generating grid at 25000mx25000m ...
--------- Grid generation complete. Saving to disk...
#################### Output Columns: Index(['FID', 'geometry'], dtype='object')
#################### Output Columns: Index(['pgrid_id', 'geometry', 'DISTID', 'OBJECTID', 'PROV_34_NA',
       'DIST_34_NA', 'PROVID', 'poppy_ha', 'ag_ha', 'poppy_perc', 'quantile',
       'rank'],
      dtype='object')
--------- Successfully saved to disk: ../data/interim/parent_best_dates.gpkg
--------- Generating grid at 10000mx10000m ...
--------- Grid generation complete. Saving to disk...
#################### Output Columns: Index(['FID', 'geometry'], dtype='object')
#################### Output Columns: Index(['pgrid_id', 'geometry', 'DISTID', 'OBJECTID', 'PROV_34_NA',
       'DIST_34_NA', 'PROVID', 'poppy_ha', 'ag_ha', 'poppy_perc', 'quantile',
       'rank'],
      dtype='object')
--------- Successfully saved to disk: ../data/interim/parent_10.gpkg
#### Grid Gen Complete in 3.9022886753082275 ####
--- Backfilling dates..
Done with MODIS best date calculation.. - 0.282773494720459 sec
Generating URL ...
Downloading data from https://earthengine.googleapis.com/v1alpha/projects/earthengine-legacy/thumbnails/a0c786c719e92dda62a8fad4264dab04-1af6afde26734b553417f5d7e835cd02:getPixels
Please wait ...
Data downloaded to /home/arogya/projects/afg-clustering/data/interim/modis/tiles/0.tif
Generating URL ...
Downloading data from https://earthengine.googleapis.com/v1alpha/projects/earthengine-legacy/thumbnails/1578f3339d9c5ce87bd9a02d5c29e430-93ff95e8b984e2f9a0e15ac93931a64a:getPixels
Please wait ...
Data downloaded to /home/arogya/projects/afg-clustering/data/interim/modis/tiles/1.tif
Generating URL ...
Downloading data from https://earthengine.googleapis.com/v1alpha/projects/earthengine-legacy/thumbnails/2a570190ada8b1665e53d9918288398b-becb4215625d7de9759bcc25e6df96e1:getPixels
Please wait ...
Data downloaded to /home/arogya/projects/afg-clustering/data/interim/modis/tiles/2.tif
Generating URL ...
Downloading data from https://earthengine.googleapis.com/v1alpha/projects/earthengine-legacy/thumbnails/c8f55eb196ba6883ca8f080488562f5e-31444e9ac56ffdc830b4215dd084394f:getPixels
Please wait ...
Data downloaded to /home/arogya/projects/afg-clustering/data/interim/modis/tiles/3.tif
['0.tif', '1.tif', '2.tif', '3.tif']
#### Missing 0 tiles, proceeding to merge..
0...10...20...30...40...50...60...70...80...90...100 - done.
0...10...20...30...40...50...60...70...80...90...100 - done.
Merged tiles.. - 3.748789072036743 sec
Shell GDF created.. - 3.773935079574585 sec
0...10...20...30...40...50...60...70...80...90...Creating output ../data/interim/modis/shell.gpkg of format GPKG.
100 - done.
Polygonized shell.. - 176.54166054725647 sec
0...10...20...30...40...50...60...70...80...90...Creating output ../data/interim/modis/merged.gpkg of format GPKG.
100 - done.
Polygonized merged.. - 184.493816614151 sec
Created Centroids.. - 193.04490971565247 sec
50336
Saved child GDF. Completed! - 200.63611459732056 sec
#### Backfill Complete in 200.762629032135 ####
--- Downloading images.. | Post Period days - 30 to 45 days
[]
Ignoring 0 tiles as rasters for them are already generated; will only generate rasters for remaining 135 tiles
Generating URL ...
Generating URL ...
Downloading data from https://earthengine.googleapis.com/v1alpha/projects/earthengine-legacy/thumbnails/eca9b041b5a91da06c11cbbfd1765b7a-81ee2931bbc04fe38af5973c83e2fa05:getPixels
Please wait ...
Generating URL ...
Generating URL ...
Downloading data from https://earthengine.googleapis.com/v1alpha/projects/earthengine-legacy/thumbnails/f9447ca4d0464b2d19041e44ed9ef2f4-d154e0ca1959d6d186fcbaeccc1e7d85:getPixels
Please wait ...
Downloading data from https://earthengine.googleapis.com/v1alpha/projects/earthengine-legacy/thumbnails/5255889e2a04d78f9900345171635abe-4f85da7bb26d7d30ec380acd5562e2be:getPixels
Please wait ...
Generating URL ...
Generating URL ...
Downloading data from https://earthengine.googleapis.com/v1alpha/projects/earthengine-legacy/thumbnails/b9d14bea6521da346cb9f552573ab406-77c7c9643ef57474bb9839ce22c47527:getPixels
Please wait ...
Generating URL ...
Downloading data from https://earthengine.googleapis.com/v1alpha/projects/earthengine-legacy/thumbnails/34df262599ebe9c7ee3cbeeae86547f3-8815daf7a94e5653d3e64ed5d411a8ac:getPixels
Please wait ...
Downloading data from https://earthengine.googleapis.com/v1alpha/projects/earthengine-legacy/thumbnails/0f650e5c461034974a28dca5175a89a4-95708a056bfab05ba5afe5c86c9d500a:getPixels
Please wait ...
Downloading data from https://earthengine.googleapis.com/v1alpha/projects/earthengine-legacy/thumbnails/880765d39d38c533760e84a90e5df16a-65e0017efbc650513b8b98d103e83c34:getPixels
Please wait ...
Data downloaded to /home/arogya/projects/afg-clustering/data/interim/tiles/0.tif
Generating URL ...
Downloading data from https://earthengine.googleapis.com/v1alpha/projects/earthengine-legacy/thumbnails/8497e005a3dc11f32af256de0ad52411-6530d9f0d8fdb21088dd59e9d3a49c68:getPixels
Please wait ...
Data downloaded to /home/arogya/projects/afg-clustering/data/interim/tiles/14.tif
Generating URL ...
Downloading data from https://earthengine.googleapis.com/v1alpha/projects/earthengine-legacy/thumbnails/d9838d637f3340598c77aaaf9dae0724-294b9398f4de86cdf6c66cf663ce38f8:getPixels
Please wait ...
Data downloaded to /home/arogya/projects/afg-clustering/data/interim/tiles/1.tif
Generating URL ...
Generating URL ...
Generating URL ...
Downloading data from https://earthengine.googleapis.com/v1alpha/projects/earthengine-legacy/thumbnails/dd8d0fdc6723f3ffae62110808980bc3-d305756a41287a4c5828a51215c11b22:getPixels
Please wait ...
Generating URL ...
Downloading data from https://earthengine.googleapis.com/v1alpha/projects/earthengine-legacy/thumbnails/61baf446444216819ed3d03c250f2216-2e8b5f1ba3b8213b24cbd410937a3e0b:getPixels
Please wait ...
Downloading data from https://earthengine.googleapis.com/v1alpha/projects/earthengine-legacy/thumbnails/64f33e1429f57b9ab99ba0b557eda3e9-6e5c52a27e7a539c86a101c6718d0e78:getPixels
Please wait ...
Downloading data from https://earthengine.googleapis.com/v1alpha/projects/earthengine-legacy/thumbnails/1f4198efaf118c4a0de2a583129847c7-8af25d1f6c5197be1cb4147c841cc4fe:getPixels
Please wait ...
Data downloaded to /home/arogya/projects/afg-clustering/data/interim/tiles/122.tif
Data downloaded to /home/arogya/projects/afg-clustering/data/interim/tiles/56.tif
Data downloaded to /home/arogya/projects/afg-clustering/data/interim/tiles/70.tif
Data downloaded to /home/arogya/projects/afg-clustering/data/interim/tiles/15.tif
Data downloaded to /home/arogya/projects/afg-clustering/data/interim/tiles/96.tif
Data downloaded to /home/arogya/projects/afg-clustering/data/interim/tiles/83.tif
Data downloaded to /home/arogya/projects/afg-clustering/data/interim/tiles/2.tif
Generating URL ...
Generating URL ...
Downloading data from https://earthengine.googleapis.com/v1alpha/projects/earthengine-legacy/thumbnails/560e9d1d7f61420cbc5a88f5a7dd0a49-b2a438d73e9e8ce3af77dabe7c02353f:getPixels
Please wait ...
Downloading data from https://earthengine.googleapis.com/v1alpha/projects/earthengine-legacy/thumbnails/3e327006e32246500d1302abadbe097c-81ac5c9d94d3fe04a74ea594c2636b01:getPixels
Please wait ...
Generating URL ...
Downloading data from https://earthengine.googleapis.com/v1alpha/projects/earthengine-legacy/thumbnails/90ea5ed64efa3c451fe74ec292fceb08-d98e8589bb74c5d81186b221698fe951:getPixels
Please wait ...
Data downloaded to /home/arogya/projects/afg-clustering/data/interim/tiles/109.tif
Data downloaded to /home/arogya/projects/afg-clustering/data/interim/tiles/42.tif
Generating URL ...
Generating URL ...
Generating URL ...
Generating URL ...
Downloading data from https://earthengine.googleapis.com/v1alpha/projects/earthengine-legacy/thumbnails/01c591a8395f75f20f5e72b80d9fdd03-7a34f6ced5bc33e7de3f15cd6fa16bb0:getPixels
Please wait ...
Downloading data from https://earthengine.googleapis.com/v1alpha/projects/earthengine-legacy/thumbnails/86647bc899b68ebf5748e86ed50f0b8a-d75c830fb9585dcd6c0c78ef4284a212:getPixels
Please wait ...
Downloading data from https://earthengine.googleapis.com/v1alpha/projects/earthengine-legacy/thumbnails/62babfc746905af0145e9173f85d7fb8-0482fa1bca2eea825744f9ab7def1bdc:getPixels
Please wait ...
Downloading data from https://earthengine.googleapis.com/v1alpha/projects/earthengine-legacy/thumbnails/98c6ef64dbbdfc779c2453bbe06c98be-8413ee5be0ac89fbd736552136dcfd07:getPixels
Please wait ...
Generating URL ...
Data downloaded to /home/arogya/projects/afg-clustering/data/interim/tiles/28.tif
Downloading data from https://earthengine.googleapis.com/v1alpha/projects/earthengine-legacy/thumbnails/6886f107af0e171950fb542a2227d57a-af905cb061ef7b00ec240f1593596c37:getPixels
Please wait ...
Generating URL ...
Downloading data from https://earthengine.googleapis.com/v1alpha/projects/earthengine-legacy/thumbnails/7fb2d108840d0ab44f7e4b096cb4c073-f95397c87ebf0c7bd302e27d1b1e3474:getPixels
Please wait ...
Data downloaded to /home/arogya/projects/afg-clustering/data/interim/tiles/123.tif
Generating URL ...
Data downloaded to /home/arogya/projects/afg-clustering/data/interim/tiles/3.tif
Downloading data from https://earthengine.googleapis.com/v1alpha/projects/earthengine-legacy/thumbnails/d56018cff8831a887f96f2d194a2c64b-905ac326da4f00b1b72f89b90d85f21c:getPixels
Please wait ...
Generating URL ...
Downloading data from https://earthengine.googleapis.com/v1alpha/projects/earthengine-legacy/thumbnails/b34e3de06aac0ca5b255f6702f1baaf6-b81184b03f1c7c966c8ccccce827f7f8:getPixels
Please wait ...
Data downloaded to /home/arogya/projects/afg-clustering/data/interim/tiles/97.tif
Generating URL ...
Data downloaded to /home/arogya/projects/afg-clustering/data/interim/tiles/57.tif
Generating URL ...
Downloading data from https://earthengine.googleapis.com/v1alpha/projects/earthengine-legacy/thumbnails/091f1da47c717e7099bece34f88e80e2-0a28bcb285d38a0856fad0287a9ea6f8:getPixels
Please wait ...
Downloading data from https://earthengine.googleapis.com/v1alpha/projects/earthengine-legacy/thumbnails/753daff2d2e1f8fad2782fceecef8a79-62bb5018829f930cb22e544d82ff6905:getPixels
Please wait ...
Generating URL ...
Downloading data from https://earthengine.googleapis.com/v1alpha/projects/earthengine-legacy/thumbnails/c238f05a25ca374941e4ef9ba63c7b61-a4a1d525409b9d5fe820c5e025be9164:getPixels
Please wait ...
Data downloaded to /home/arogya/projects/afg-clustering/data/interim/tiles/16.tif
Generating URL ...
Downloading data from https://earthengine.googleapis.com/v1alpha/projects/earthengine-legacy/thumbnails/879f409f81fa35ed00adba744f8e2b98-628fee2a73748ea45936f8c4ce290c97:getPixels
Please wait ...
Data downloaded to /home/arogya/projects/afg-clustering/data/interim/tiles/110.tif
Generating URL ...
Data downloaded to /home/arogya/projects/afg-clustering/data/interim/tiles/98.tif
Data downloaded to /home/arogya/projects/afg-clustering/data/interim/tiles/29.tif
Downloading data from https://earthengine.googleapis.com/v1alpha/projects/earthengine-legacy/thumbnails/9aeff4ae6b896213f835da86c6e08cef-92567ebcabd5b38bb523d109ac1383bc:getPixels
Please wait ...
Data downloaded to /home/arogya/projects/afg-clustering/data/interim/tiles/84.tif
Data downloaded to /home/arogya/projects/afg-clustering/data/interim/tiles/71.tif
Generating URL ...
Generating URL ...
Downloading data from https://earthengine.googleapis.com/v1alpha/projects/earthengine-legacy/thumbnails/f5e1e7b7385eb5cce7059ddef2080ca2-29297ef3d61c313bfdf0f68a0a03d6e1:getPixels
Please wait ...
Downloading data from https://earthengine.googleapis.com/v1alpha/projects/earthengine-legacy/thumbnails/1303e26010d46358d280fb2ccc7762b9-9646e032225773de2ac4462248b7f81d:getPixels
Please wait ...
Generating URL ...
Data downloaded to /home/arogya/projects/afg-clustering/data/interim/tiles/4.tif
Generating URL ...
Generating URL ...
Downloading data from https://earthengine.googleapis.com/v1alpha/projects/earthengine-legacy/thumbnails/d47335c6e99364bdf9ddf35e56da429b-e8168bbc8c56a74c5904ccee1840e6a5:getPixels
Please wait ...
Downloading data from https://earthengine.googleapis.com/v1alpha/projects/earthengine-legacy/thumbnails/e1624a125533a5d5322df92e19284f96-7494abcb217c68672ed8904c4694a14d:getPixels
Please wait ...
Downloading data from https://earthengine.googleapis.com/v1alpha/projects/earthengine-legacy/thumbnails/31e3866f80a158704fcd5ab09d5028c6-3bb28531946f8d76bee3ca6847c52593:getPixels
Please wait ...
Data downloaded to /home/arogya/projects/afg-clustering/data/interim/tiles/124.tif
Data downloaded to /home/arogya/projects/afg-clustering/data/interim/tiles/5.tif
Generating URL ...
Downloading data from https://earthengine.googleapis.com/v1alpha/projects/earthengine-legacy/thumbnails/1077eed29340fa1006c1d1bcd9829d1a-04e908967b09a0140e2ec5b5deeab931:getPixels
Please wait ...
Data downloaded to /home/arogya/projects/afg-clustering/data/interim/tiles/43.tif
Data downloaded to /home/arogya/projects/afg-clustering/data/interim/tiles/58.tif
Data downloaded to /home/arogya/projects/afg-clustering/data/interim/tiles/17.tif
Generating URL ...
Downloading data from https://earthengine.googleapis.com/v1alpha/projects/earthengine-legacy/thumbnails/1e28f6f4e51658bc2004e9ba1a8285d3-0409795192f1687b45d26b4d8e47a3fe:getPixels
Please wait ...
Generating URL ...
Downloading data from https://earthengine.googleapis.com/v1alpha/projects/earthengine-legacy/thumbnails/d7f4690baa5457868caf58d2092c3445-cbe34eacb778e7b353bb6ab3031f0bdc:getPixels
Please wait ...
Data downloaded to /home/arogya/projects/afg-clustering/data/interim/tiles/111.tif
Generating URL ...
Downloading data from https://earthengine.googleapis.com/v1alpha/projects/earthengine-legacy/thumbnails/ffa048978e74f21cff8b56bfba8ed339-5fe598884e4622f188c3744a9632e5f0:getPixels
Please wait ...
Generating URL ...
Generating URL ...
Downloading data from https://earthengine.googleapis.com/v1alpha/projects/earthengine-legacy/thumbnails/b80c613f2160a0518d8b0bb9c48b9810-7ca2b4e92f3cf1e6f8e45a70ddfa3748:getPixels
Please wait ...
Downloading data from https://earthengine.googleapis.com/v1alpha/projects/earthengine-legacy/thumbnails/cf8e0c07b93cfa45410df9ea0057cbdc-972756e21a0845121b7f543381eeb977:getPixels
Please wait ...
Data downloaded to /home/arogya/projects/afg-clustering/data/interim/tiles/99.tif
Data downloaded to /home/arogya/projects/afg-clustering/data/interim/tiles/30.tif
Data downloaded to /home/arogya/projects/afg-clustering/data/interim/tiles/72.tif
Data downloaded to /home/arogya/projects/afg-clustering/data/interim/tiles/85.tif
Data downloaded to /home/arogya/projects/afg-clustering/data/interim/tiles/125.tif
Generating URL ...
Generating URL ...
Data downloaded to /home/arogya/projects/afg-clustering/data/interim/tiles/6.tif
Downloading data from https://earthengine.googleapis.com/v1alpha/projects/earthengine-legacy/thumbnails/38e676339735b74c30ed67217c4e1adc-5594311039a4dad47d58ebab953c8238:getPixels
Please wait ...
Downloading data from https://earthengine.googleapis.com/v1alpha/projects/earthengine-legacy/thumbnails/143a86ca43b49ad2b36782120bc7e690-d7a7774d00c1611c91a8b57adbb51a5c:getPixels
Please wait ...
Generating URL ...
Downloading data from https://earthengine.googleapis.com/v1alpha/projects/earthengine-legacy/thumbnails/c563982c2b773ec851cec614c3c5a5a6-33a05f26041add513ad590f4d9aace7e:getPixels
Please wait ...
Generating URL ...
Downloading data from https://earthengine.googleapis.com/v1alpha/projects/earthengine-legacy/thumbnails/ad3615e94f9e79baa6730b9d8170ed4d-6dcd96a7d5b7aeea7cf940ecf0d6bd34:getPixels
Please wait ...
Data downloaded to /home/arogya/projects/afg-clustering/data/interim/tiles/126.tif
Data downloaded to /home/arogya/projects/afg-clustering/data/interim/tiles/59.tif
Generating URL ...
Generating URL ...
Data downloaded to /home/arogya/projects/afg-clustering/data/interim/tiles/18.tif
Data downloaded to /home/arogya/projects/afg-clustering/data/interim/tiles/44.tif
Data downloaded to /home/arogya/projects/afg-clustering/data/interim/tiles/112.tif
Generating URL ...
Downloading data from https://earthengine.googleapis.com/v1alpha/projects/earthengine-legacy/thumbnails/2af118d5c10f6311311f3a836285a20e-1d157bc1ab7b503f1e247a92ab7e1c46:getPixels
Please wait ...
Downloading data from https://earthengine.googleapis.com/v1alpha/projects/earthengine-legacy/thumbnails/68d01474375dc1f2e39b949c91ab3d13-73a330903196a8f676a9dfab463cb468:getPixels
Please wait ...
Downloading data from https://earthengine.googleapis.com/v1alpha/projects/earthengine-legacy/thumbnails/0d20d6cf7ebb3c8df925026dc5c5162e-986c25136512bab5738f249036ca3cc5:getPixels
Please wait ...
Generating URL ...
Generating URL ...
Downloading data from https://earthengine.googleapis.com/v1alpha/projects/earthengine-legacy/thumbnails/2b18effa3ca1eb25ea9438b9803fed74-ad248a16bcf32a1470bff2bbe171e0aa:getPixels
Please wait ...
Downloading data from https://earthengine.googleapis.com/v1alpha/projects/earthengine-legacy/thumbnails/11a5361598404a29d69bb6df7d17f5de-91a72c1a80f19f85ab06ab52b13d37f7:getPixels
Please wait ...
Data downloaded to /home/arogya/projects/afg-clustering/data/interim/tiles/127.tif
Generating URL ...
Generating URL ...
Downloading data from https://earthengine.googleapis.com/v1alpha/projects/earthengine-legacy/thumbnails/d659b16f6d796f9bff4e88eb43519896-0d86546fb6bd6cce64e66ae045893759:getPixels
Please wait ...
Data downloaded to /home/arogya/projects/afg-clustering/data/interim/tiles/31.tif
Data downloaded to /home/arogya/projects/afg-clustering/data/interim/tiles/100.tif
Downloading data from https://earthengine.googleapis.com/v1alpha/projects/earthengine-legacy/thumbnails/0a714256ad17794aea5c91781b9d2bfe-f8b59005288289124ec302ef171267b9:getPixels
Please wait ...
Generating URL ...
Data downloaded to /home/arogya/projects/afg-clustering/data/interim/tiles/7.tif
Generating URL ...
Generating URL ...
Downloading data from https://earthengine.googleapis.com/v1alpha/projects/earthengine-legacy/thumbnails/4b45d6e450e0e9e069bfbee37510990f-d19e6e2761139ff5cda2f04f6f8efc00:getPixels
Please wait ...
Downloading data from https://earthengine.googleapis.com/v1alpha/projects/earthengine-legacy/thumbnails/b191f93e88f670862b961f532a9cb88f-4ababa024e2fd532d6a1725fea35585d:getPixels
Please wait ...
Downloading data from https://earthengine.googleapis.com/v1alpha/projects/earthengine-legacy/thumbnails/07d8b9226a092f2d8a58b47e81012a3e-d3134e197f7294e318476b3197d1036c:getPixels
Please wait ...
Generating URL ...
Downloading data from https://earthengine.googleapis.com/v1alpha/projects/earthengine-legacy/thumbnails/b4708f9c6779cc28ad0a136fd0545729-15ab655f55f47131b058f6bd24fde94b:getPixels
Please wait ...
Data downloaded to /home/arogya/projects/afg-clustering/data/interim/tiles/86.tif
Data downloaded to /home/arogya/projects/afg-clustering/data/interim/tiles/73.tif
Generating URL ...
Data downloaded to /home/arogya/projects/afg-clustering/data/interim/tiles/60.tif
Downloading data from https://earthengine.googleapis.com/v1alpha/projects/earthengine-legacy/thumbnails/affc7f2f0dcf16ba1c090a5c42d667bf-8fbb9e21e4ba16c5412209ef5a3f44b7:getPixels
Please wait ...
Data downloaded to /home/arogya/projects/afg-clustering/data/interim/tiles/19.tif
Generating URL ...
Downloading data from https://earthengine.googleapis.com/v1alpha/projects/earthengine-legacy/thumbnails/a0c41f1c7e9422b980f8fbf40439a68a-5c24e8dcf45f6cef249db7433bf2d717:getPixels
Please wait ...
Generating URL ...
Downloading data from https://earthengine.googleapis.com/v1alpha/projects/earthengine-legacy/thumbnails/0a62ce03f1623b549d3e9b34c0de2331-29a3a10e694046ce344b08ee19431b20:getPixels
Please wait ...
Data downloaded to /home/arogya/projects/afg-clustering/data/interim/tiles/128.tif
Data downloaded to /home/arogya/projects/afg-clustering/data/interim/tiles/8.tif
Data downloaded to /home/arogya/projects/afg-clustering/data/interim/tiles/74.tif
Data downloaded to /home/arogya/projects/afg-clustering/data/interim/tiles/45.tif
Generating URL ...
Data downloaded to /home/arogya/projects/afg-clustering/data/interim/tiles/113.tif
Generating URL ...
Downloading data from https://earthengine.googleapis.com/v1alpha/projects/earthengine-legacy/thumbnails/972df2fab0a0f95d3d67d26a366a9c11-1d23988b7627a6c94991cb87a95417f9:getPixels
Please wait ...
Generating URL ...
Generating URL ...
Downloading data from https://earthengine.googleapis.com/v1alpha/projects/earthengine-legacy/thumbnails/0e0842c6c0c10f68b93db72654b3c318-39a6d8cc6bd95b808a5f5c799cd8be39:getPixels
Please wait ...
Data downloaded to /home/arogya/projects/afg-clustering/data/interim/tiles/32.tif
Data downloaded to /home/arogya/projects/afg-clustering/data/interim/tiles/101.tif
Downloading data from https://earthengine.googleapis.com/v1alpha/projects/earthengine-legacy/thumbnails/c402e90027df3388fdefdf6174dc466b-8d2be69d72b125f80c11b25122081fc9:getPixels
Please wait ...
Downloading data from https://earthengine.googleapis.com/v1alpha/projects/earthengine-legacy/thumbnails/0a9902e9e545b9ef3a173615df3f9bd7-1563fd7f1525d4f7d7e26e6af93a1b76:getPixels
Please wait ...
Generating URL ...
Generating URL ...
Generating URL ...
Downloading data from https://earthengine.googleapis.com/v1alpha/projects/earthengine-legacy/thumbnails/0730fcb30a8c695bd71ef2efa23770c1-2d2a53a23e7253f04c8aee6f64c44530:getPixels
Please wait ...
Downloading data from https://earthengine.googleapis.com/v1alpha/projects/earthengine-legacy/thumbnails/337a2b5ef379e30d2f9660f2d040f291-b36e8c1a6c66d8305b869dc352dc5d64:getPixels
Please wait ...
Generating URL ...
Downloading data from https://earthengine.googleapis.com/v1alpha/projects/earthengine-legacy/thumbnails/93c447c3260358d14e715ea2a6b1ef62-b35274ccf3fec9ae9acd22fb38c159f2:getPixels
Please wait ...
Downloading data from https://earthengine.googleapis.com/v1alpha/projects/earthengine-legacy/thumbnails/65eda81be3be0863492d070c99c4fb86-3afe4114e816fe72cf9044212ec293d7:getPixels
Please wait ...
Data downloaded to /home/arogya/projects/afg-clustering/data/interim/tiles/61.tif
Generating URL ...
Data downloaded to /home/arogya/projects/afg-clustering/data/interim/tiles/75.tif
Downloading data from https://earthengine.googleapis.com/v1alpha/projects/earthengine-legacy/thumbnails/995bbde25362c7210672e5565a5db25f-c58190602081fd1eaec127158215c38d:getPixels
Please wait ...
Data downloaded to /home/arogya/projects/afg-clustering/data/interim/tiles/20.tif
Data downloaded to /home/arogya/projects/afg-clustering/data/interim/tiles/87.tif
Data downloaded to /home/arogya/projects/afg-clustering/data/interim/tiles/62.tif
Data downloaded to /home/arogya/projects/afg-clustering/data/interim/tiles/9.tif
Generating URL ...
Generating URL ...
Data downloaded to /home/arogya/projects/afg-clustering/data/interim/tiles/129.tif
Downloading data from https://earthengine.googleapis.com/v1alpha/projects/earthengine-legacy/thumbnails/65100fef24be3101375469288fe6f565-886e1eda1970d925ac54c43400335ec3:getPixels
Please wait ...
Downloading data from https://earthengine.googleapis.com/v1alpha/projects/earthengine-legacy/thumbnails/0d799b540a423b2e06430a4793dfca22-82e9b98584c1096c09ed9d07a74e4df6:getPixels
Please wait ...
Generating URL ...
Generating URL ...
Downloading data from https://earthengine.googleapis.com/v1alpha/projects/earthengine-legacy/thumbnails/924367bf3a19278b2d80148427880c10-3ce2fa72b6f7201f79f60700ad4fe6da:getPixels
Please wait ...
Generating URL ...
Downloading data from https://earthengine.googleapis.com/v1alpha/projects/earthengine-legacy/thumbnails/d120168386e801adf9db0690d8bf9a3e-c8f8889b1e957b4323e4f8a4cc894da3:getPixels
Please wait ...
Downloading data from https://earthengine.googleapis.com/v1alpha/projects/earthengine-legacy/thumbnails/9270e2ea45693b64be3a8072c374c75a-e7c3811ece9ebaac595a204a9a4d7726:getPixels
Please wait ...
Generating URL ...
Data downloaded to /home/arogya/projects/afg-clustering/data/interim/tiles/114.tif
Downloading data from https://earthengine.googleapis.com/v1alpha/projects/earthengine-legacy/thumbnails/46a3fb2b97551800ce408322de4d9406-9e8ef089692a6720a6172f90cfd5bcce:getPixels
Please wait ...
Data downloaded to /home/arogya/projects/afg-clustering/data/interim/tiles/46.tif
Generating URL ...
Downloading data from https://earthengine.googleapis.com/v1alpha/projects/earthengine-legacy/thumbnails/954cb6fa4bfc4ee85fe0f64e6e3514ab-9a51b709866556cf971fd220324bba8f:getPixels
Please wait ...
Data downloaded to /home/arogya/projects/afg-clustering/data/interim/tiles/102.tif
Generating URL ...
Data downloaded to /home/arogya/projects/afg-clustering/data/interim/tiles/33.tif
Downloading data from https://earthengine.googleapis.com/v1alpha/projects/earthengine-legacy/thumbnails/1166d9e9a313012dce993a66c70b0ae4-ea6ce3dfff4c6e674842f378cddceedb:getPixels
Please wait ...
Generating URL ...
Generating URL ...
Downloading data from https://earthengine.googleapis.com/v1alpha/projects/earthengine-legacy/thumbnails/e08f0823c3bf94ed3aaecc069c8db0de-7f46bbdfa74f3a2ab48be6b0500c864f:getPixels
Please wait ...
Downloading data from https://earthengine.googleapis.com/v1alpha/projects/earthengine-legacy/thumbnails/d529ccb86707de80ab2f0e5763ed8270-0f80cafd23229c64b4a60779ddd17c0e:getPixels
Please wait ...
Data downloaded to /home/arogya/projects/afg-clustering/data/interim/tiles/130.tif
Generating URL ...
Data downloaded to /home/arogya/projects/afg-clustering/data/interim/tiles/76.tif
Downloading data from https://earthengine.googleapis.com/v1alpha/projects/earthengine-legacy/thumbnails/6d63361ce9d89c095706b3699c4056c8-17a736df3b7cfc5e59a1238ea04dba84:getPixels
Please wait ...
Data downloaded to /home/arogya/projects/afg-clustering/data/interim/tiles/88.tif
Generating URL ...
Downloading data from https://earthengine.googleapis.com/v1alpha/projects/earthengine-legacy/thumbnails/e4ac6446470afc199406abbc837abe7e-e6b0fbf0134e46aadb08d0ff94f17b19:getPixels
Please wait ...
Data downloaded to /home/arogya/projects/afg-clustering/data/interim/tiles/10.tif
Data downloaded to /home/arogya/projects/afg-clustering/data/interim/tiles/63.tif
Data downloaded to /home/arogya/projects/afg-clustering/data/interim/tiles/21.tif
Generating URL ...
Generating URL ...
Generating URL ...
Generating URL ...
Data downloaded to /home/arogya/projects/afg-clustering/data/interim/tiles/115.tif
Downloading data from https://earthengine.googleapis.com/v1alpha/projects/earthengine-legacy/thumbnails/54160e393897ed763273cdf3e3a89f24-6a56766ce34b7f89a86adb366ebcc58a:getPixels
Please wait ...
Downloading data from https://earthengine.googleapis.com/v1alpha/projects/earthengine-legacy/thumbnails/0ee74157a9a494c2fe4c0039a69a4274-92707d26313e6b2b42d75f8eff4ad572:getPixels
Please wait ...
Downloading data from https://earthengine.googleapis.com/v1alpha/projects/earthengine-legacy/thumbnails/93bdfd8d3b69cd79417ace37aac40174-02c831536699931b15854698d75765a9:getPixels
Please wait ...
Downloading data from https://earthengine.googleapis.com/v1alpha/projects/earthengine-legacy/thumbnails/5890dbf3bd6179c41cfa4aa406e4f459-6176e38493dd31adbee4f32b19e37390:getPixels
Please wait ...
Data downloaded to /home/arogya/projects/afg-clustering/data/interim/tiles/103.tif
Data downloaded to /home/arogya/projects/afg-clustering/data/interim/tiles/34.tif
Generating URL ...
Generating URL ...
Downloading data from https://earthengine.googleapis.com/v1alpha/projects/earthengine-legacy/thumbnails/cd26dff6da436e5b7e4465b9dc8a817d-96b18123320f449f5baca2eda10d835e:getPixels
Please wait ...
Generating URL ...
Downloading data from https://earthengine.googleapis.com/v1alpha/projects/earthengine-legacy/thumbnails/a173b284cdbdd33ef926731d1a068df2-9eb5b9959b513fa1edda9267be94d08f:getPixels
Please wait ...
Downloading data from https://earthengine.googleapis.com/v1alpha/projects/earthengine-legacy/thumbnails/2fb162271b9fd76d7ea52e266a28be9c-6fb5635acc23852b9d2001ba1afd4616:getPixels
Please wait ...
Data downloaded to /home/arogya/projects/afg-clustering/data/interim/tiles/77.tif
Generating URL ...
Downloading data from https://earthengine.googleapis.com/v1alpha/projects/earthengine-legacy/thumbnails/77ba5e002511bb5aa8923256e6b331e1-2c4ad4a10558c706ad85a5f0a3fbe4fa:getPixels
Please wait ...
Data downloaded to /home/arogya/projects/afg-clustering/data/interim/tiles/64.tif
Generating URL ...
Downloading data from https://earthengine.googleapis.com/v1alpha/projects/earthengine-legacy/thumbnails/015827853968622d43f6f477031ec4c9-d74eff9b7d3a6355b80ba646d410c22a:getPixels
Please wait ...
Data downloaded to /home/arogya/projects/afg-clustering/data/interim/tiles/11.tif
Generating URL ...
Downloading data from https://earthengine.googleapis.com/v1alpha/projects/earthengine-legacy/thumbnails/48ae9bd57012d257cdea54b3330e3f78-2699b8a0fc7c7e91651401ad8fa5cacf:getPixels
Please wait ...
Data downloaded to /home/arogya/projects/afg-clustering/data/interim/tiles/89.tif
Data downloaded to /home/arogya/projects/afg-clustering/data/interim/tiles/47.tif
Data downloaded to /home/arogya/projects/afg-clustering/data/interim/tiles/22.tif
Data downloaded to /home/arogya/projects/afg-clustering/data/interim/tiles/131.tif
Data downloaded to /home/arogya/projects/afg-clustering/data/interim/tiles/116.tif
Data downloaded to /home/arogya/projects/afg-clustering/data/interim/tiles/104.tif
Generating URL ...
Generating URL ...
Generating URL ...
Downloading data from https://earthengine.googleapis.com/v1alpha/projects/earthengine-legacy/thumbnails/ff3a301153367a4be97b69a247a294c8-e5af17f6081d8ab0ce23a15fd0b603e3:getPixels
Please wait ...
Downloading data from https://earthengine.googleapis.com/v1alpha/projects/earthengine-legacy/thumbnails/8e74fc4c6e504246172f9b76a87a601e-34886d20618215105bcb0ce173e4d9bf:getPixels
Please wait ...
Downloading data from https://earthengine.googleapis.com/v1alpha/projects/earthengine-legacy/thumbnails/3d417708a0a0c3ecdd75f00ce47a9177-73a9b039e437a594c51b221458973d97:getPixels
Please wait ...
Generating URL ...
Generating URL ...
Downloading data from https://earthengine.googleapis.com/v1alpha/projects/earthengine-legacy/thumbnails/8dd10aca3ad942b150633e243280e21a-274982c4376c89f61d4e0d0480e0a019:getPixels
Please wait ...
Downloading data from https://earthengine.googleapis.com/v1alpha/projects/earthengine-legacy/thumbnails/6599a0f488f3a33c3be1fadcec172479-22eda4c7bd37edae89cce4eddaf5d97d:getPixels
Please wait ...
Data downloaded to /home/arogya/projects/afg-clustering/data/interim/tiles/35.tif
Generating URL ...
Downloading data from https://earthengine.googleapis.com/v1alpha/projects/earthengine-legacy/thumbnails/f02dfac30ad6aec755c6db5957eba826-9683cb61a115d18863c07d8cbcfe6e6c:getPixels
Please wait ...
Generating URL ...
Data downloaded to /home/arogya/projects/afg-clustering/data/interim/tiles/132.tif
Downloading data from https://earthengine.googleapis.com/v1alpha/projects/earthengine-legacy/thumbnails/49b91ff590ecb24621a9b439bcca2e02-2a5448b92ab63f8bb30f5189dce28405:getPixels
Please wait ...
Data downloaded to /home/arogya/projects/afg-clustering/data/interim/tiles/78.tif
Data downloaded to /home/arogya/projects/afg-clustering/data/interim/tiles/12.tif
Data downloaded to /home/arogya/projects/afg-clustering/data/interim/tiles/65.tif
Generating URL ...
Generating URL ...
Downloading data from https://earthengine.googleapis.com/v1alpha/projects/earthengine-legacy/thumbnails/0e46549e91d4fee1ad7d230044037f10-e09fdee9ba4fb090e901502b4c43d10e:getPixels
Please wait ...
Generating URL ...
Generating URL ...
Downloading data from https://earthengine.googleapis.com/v1alpha/projects/earthengine-legacy/thumbnails/9d78c2c9bea8049325ef891812e4c08d-e0e197751cf7324b7e748957fba7e3c5:getPixels
Please wait ...
Data downloaded to /home/arogya/projects/afg-clustering/data/interim/tiles/23.tif
Downloading data from https://earthengine.googleapis.com/v1alpha/projects/earthengine-legacy/thumbnails/eb7e7a63ec6d74347fb613cb1bf6b0af-f6d26567f438fe7878bdcdaff8ed1786:getPixels
Please wait ...
Data downloaded to /home/arogya/projects/afg-clustering/data/interim/tiles/36.tif
Data downloaded to /home/arogya/projects/afg-clustering/data/interim/tiles/133.tif
Generating URL ...
Data downloaded to /home/arogya/projects/afg-clustering/data/interim/tiles/13.tif
Downloading data from https://earthengine.googleapis.com/v1alpha/projects/earthengine-legacy/thumbnails/a1a5ab1076467211b4aba721c018689b-12d2f27efc3f6b5088cee463b7975663:getPixels
Please wait ...
Generating URL ...
Generating URL ...
Data downloaded to /home/arogya/projects/afg-clustering/data/interim/tiles/48.tif
Downloading data from https://earthengine.googleapis.com/v1alpha/projects/earthengine-legacy/thumbnails/f07d5dd8cc9c4ed62504f78142c5fc9b-159703ff437107711da24e169c1e5d1e:getPixels
Please wait ...
Data downloaded to /home/arogya/projects/afg-clustering/data/interim/tiles/117.tif
Data downloaded to /home/arogya/projects/afg-clustering/data/interim/tiles/90.tif
Generating URL ...
Downloading data from https://earthengine.googleapis.com/v1alpha/projects/earthengine-legacy/thumbnails/aac79361ffd3021431943cf895ad269d-940986ef127d9bc2418e8e0601982854:getPixels
Please wait ...
Downloading data from https://earthengine.googleapis.com/v1alpha/projects/earthengine-legacy/thumbnails/3d849a84fe608d1d66f8a42c9a2fe88e-f6abbb033a5557f0be45b881ee940ef5:getPixels
Please wait ...
Data downloaded to /home/arogya/projects/afg-clustering/data/interim/tiles/24.tif
Downloading data from https://earthengine.googleapis.com/v1alpha/projects/earthengine-legacy/thumbnails/b05474562ccf0bc38231c59105671213-dfc3f67d01c0c761cc7c260f6aa12b83:getPixels
Please wait ...
Generating URL ...
Generating URL ...
Downloading data from https://earthengine.googleapis.com/v1alpha/projects/earthengine-legacy/thumbnails/bec32de5dcc292cb9b33a280a9626d2b-82963b031340d0d5f0667388b3e157ad:getPixels
Please wait ...
Data downloaded to /home/arogya/projects/afg-clustering/data/interim/tiles/105.tif
Data downloaded to /home/arogya/projects/afg-clustering/data/interim/tiles/49.tif
Data downloaded to /home/arogya/projects/afg-clustering/data/interim/tiles/134.tif
Data downloaded to /home/arogya/projects/afg-clustering/data/interim/tiles/37.tif
Data downloaded to /home/arogya/projects/afg-clustering/data/interim/tiles/79.tif
Generating URL ...
Downloading data from https://earthengine.googleapis.com/v1alpha/projects/earthengine-legacy/thumbnails/7a7128c6bdf6f4f0092ab681695a7117-302ace792f67170a7394cd908d43f20e:getPixels
Please wait ...
Downloading data from https://earthengine.googleapis.com/v1alpha/projects/earthengine-legacy/thumbnails/792946f779a00a9a617a71b410841ed2-59bedee9cded75087b139dedd8a86c74:getPixels
Please wait ...
Data downloaded to /home/arogya/projects/afg-clustering/data/interim/tiles/66.tif
Generating URL ...
Generating URL ...
Generating URL ...
Downloading data from https://earthengine.googleapis.com/v1alpha/projects/earthengine-legacy/thumbnails/c476efd7da0bf7d5cb1e32d5908fd3e5-67c962782a834001ec4e18a4d630291e:getPixels
Please wait ...
Downloading data from https://earthengine.googleapis.com/v1alpha/projects/earthengine-legacy/thumbnails/cb752974f710dcdce3343b4d99b37033-f7c84902a592a8c5c77ec35f997c7e7c:getPixels
Please wait ...
Generating URL ...
Downloading data from https://earthengine.googleapis.com/v1alpha/projects/earthengine-legacy/thumbnails/36c611a0c564a4e150248b96acbcb522-a3e0dfcd77b5c0aff9132487ddbdbe76:getPixels
Please wait ...
Downloading data from https://earthengine.googleapis.com/v1alpha/projects/earthengine-legacy/thumbnails/c2075d9a05378c8000727a97ad74c47b-88b6f09c2ccb01e3d1628bb0681b71be:getPixels
Please wait ...
Generating URL ...
Downloading data from https://earthengine.googleapis.com/v1alpha/projects/earthengine-legacy/thumbnails/67f78da7239a5d82bb8d5de4e9e90278-40e860516edae1ca6aa6d9f36300bfda:getPixels
Please wait ...
Data downloaded to /home/arogya/projects/afg-clustering/data/interim/tiles/118.tif
Generating URL ...
Downloading data from https://earthengine.googleapis.com/v1alpha/projects/earthengine-legacy/thumbnails/51ff14044c18bb0de29c654f5108a38c-11a127cd45c7053dab4c1223884ee0fb:getPixels
Please wait ...
Data downloaded to /home/arogya/projects/afg-clustering/data/interim/tiles/25.tif
Data downloaded to /home/arogya/projects/afg-clustering/data/interim/tiles/50.tif
Data downloaded to /home/arogya/projects/afg-clustering/data/interim/tiles/119.tif
Generating URL ...
Generating URL ...
Generating URL ...
Downloading data from https://earthengine.googleapis.com/v1alpha/projects/earthengine-legacy/thumbnails/be6e01b5b009b4c1a161e2f9b4bbdb20-2f9a34c7bd4df2b2bc85fe56f2fefa31:getPixels
Please wait ...
Downloading data from https://earthengine.googleapis.com/v1alpha/projects/earthengine-legacy/thumbnails/a5cc85bcb8ee99bc4c93d9b8b7c39fba-18f1e2d8022eaf0677d23261076c1d70:getPixels
Please wait ...
Downloading data from https://earthengine.googleapis.com/v1alpha/projects/earthengine-legacy/thumbnails/bce58a5e69ff7fa66a34eb6fc7083bc8-9b22ea54a120260928c9c13331adaad8:getPixels
Please wait ...
Data downloaded to /home/arogya/projects/afg-clustering/data/interim/tiles/80.tif
Data downloaded to /home/arogya/projects/afg-clustering/data/interim/tiles/38.tif
Data downloaded to /home/arogya/projects/afg-clustering/data/interim/tiles/106.tif
Data downloaded to /home/arogya/projects/afg-clustering/data/interim/tiles/67.tif
Data downloaded to /home/arogya/projects/afg-clustering/data/interim/tiles/91.tif
Generating URL ...
Data downloaded to /home/arogya/projects/afg-clustering/data/interim/tiles/120.tif
Downloading data from https://earthengine.googleapis.com/v1alpha/projects/earthengine-legacy/thumbnails/3e32285a729c81439449a27d60bc8e5f-a6b23229a5994e9f64665c777c2fb79f:getPixels
Please wait ...
Data downloaded to /home/arogya/projects/afg-clustering/data/interim/tiles/26.tif
Data downloaded to /home/arogya/projects/afg-clustering/data/interim/tiles/51.tif
Generating URL ...
Generating URL ...
Generating URL ...
Downloading data from https://earthengine.googleapis.com/v1alpha/projects/earthengine-legacy/thumbnails/623724160a470ccf440f1fa0645580bc-0bbc66038b99caa646d365041486ed48:getPixels
Please wait ...
Generating URL ...
Downloading data from https://earthengine.googleapis.com/v1alpha/projects/earthengine-legacy/thumbnails/daff67e70fc705ec308f9c5af8b1b051-1077cfc47b27144f80b8cce1a8be5fa4:getPixels
Please wait ...
Generating URL ...
Downloading data from https://earthengine.googleapis.com/v1alpha/projects/earthengine-legacy/thumbnails/60a16685196aafdf0dd9f70dd7313046-9518f9b6c92acf634597522626a5e329:getPixels
Please wait ...
Generating URL ...
Generating URL ...
Downloading data from https://earthengine.googleapis.com/v1alpha/projects/earthengine-legacy/thumbnails/cf77cb9bad9e0034ad32bd1f3a774213-b892921217e5fc54365d90f1cfceb933:getPixels
Please wait ...
Downloading data from https://earthengine.googleapis.com/v1alpha/projects/earthengine-legacy/thumbnails/84b9f46e8406f3ed683e2fa9a22c39fe-194f65a47f41b8e8117d05342182b2cc:getPixels
Please wait ...
Downloading data from https://earthengine.googleapis.com/v1alpha/projects/earthengine-legacy/thumbnails/82336500a278c461bcd7365a1a6b3148-00ad754145afc9bb82f6f405b53c3136:getPixels
Please wait ...
Downloading data from https://earthengine.googleapis.com/v1alpha/projects/earthengine-legacy/thumbnails/16700e5af27226cc63bf6095dc4774ff-6e04bd558b948b07e6c0e55bd1d530fc:getPixels
Please wait ...
Data downloaded to /home/arogya/projects/afg-clustering/data/interim/tiles/68.tif
Generating URL ...
Downloading data from https://earthengine.googleapis.com/v1alpha/projects/earthengine-legacy/thumbnails/ef93dadef5ec83c16e840a32bf44a7a6-e98b03eda5a5e2ce7f4e853fb62c3dde:getPixels
Please wait ...
Data downloaded to /home/arogya/projects/afg-clustering/data/interim/tiles/52.tif
Data downloaded to /home/arogya/projects/afg-clustering/data/interim/tiles/39.tif
Generating URL ...
Downloading data from https://earthengine.googleapis.com/v1alpha/projects/earthengine-legacy/thumbnails/c3b54b1f8916a14dcc7352d5943798a0-9ea88ea30af60379093a05e1302e48f5:getPixels
Please wait ...
Generating URL ...
Downloading data from https://earthengine.googleapis.com/v1alpha/projects/earthengine-legacy/thumbnails/5c2c315440f558534f1a2656d487f3c8-91056b54425611ec08696ba2fd7b9d15:getPixels
Please wait ...
Data downloaded to /home/arogya/projects/afg-clustering/data/interim/tiles/121.tif
Data downloaded to /home/arogya/projects/afg-clustering/data/interim/tiles/27.tif
Data downloaded to /home/arogya/projects/afg-clustering/data/interim/tiles/81.tif
Data downloaded to /home/arogya/projects/afg-clustering/data/interim/tiles/92.tif
Data downloaded to /home/arogya/projects/afg-clustering/data/interim/tiles/107.tif
Generating URL ...
Downloading data from https://earthengine.googleapis.com/v1alpha/projects/earthengine-legacy/thumbnails/6d49c7a9db04834447259c8c185d487b-53c2911a98c5801d200629df65a4efa6:getPixels
Please wait ...
Generating URL ...
Generating URL ...
Downloading data from https://earthengine.googleapis.com/v1alpha/projects/earthengine-legacy/thumbnails/c87282de1cf5f1c6d7285fc129ef30f6-2e9b11b382e3de4503ffd49a7d9c1e20:getPixels
Please wait ...
Downloading data from https://earthengine.googleapis.com/v1alpha/projects/earthengine-legacy/thumbnails/2ba65c21727474f817c1f2403626ed88-ed02ed399fbfc97207690e7e9e55b7c7:getPixels
Please wait ...
Data downloaded to /home/arogya/projects/afg-clustering/data/interim/tiles/53.tif
Data downloaded to /home/arogya/projects/afg-clustering/data/interim/tiles/40.tif
Data downloaded to /home/arogya/projects/afg-clustering/data/interim/tiles/69.tif
Generating URL ...
Generating URL ...
Downloading data from https://earthengine.googleapis.com/v1alpha/projects/earthengine-legacy/thumbnails/89bc0fb72b19699c7a187920c191eef0-b5050d428835ec68a47b4acef6295ae7:getPixels
Please wait ...
Downloading data from https://earthengine.googleapis.com/v1alpha/projects/earthengine-legacy/thumbnails/61b711365b1199db5677a20518aa3914-69a73ef0933c0e038363f235ded3d0d4:getPixels
Please wait ...
Data downloaded to /home/arogya/projects/afg-clustering/data/interim/tiles/108.tif
Data downloaded to /home/arogya/projects/afg-clustering/data/interim/tiles/93.tif
Data downloaded to /home/arogya/projects/afg-clustering/data/interim/tiles/82.tif
Generating URL ...
Data downloaded to /home/arogya/projects/afg-clustering/data/interim/tiles/54.tif
Downloading data from https://earthengine.googleapis.com/v1alpha/projects/earthengine-legacy/thumbnails/462a9acc8bf4a5be90f6ad2e629ddad6-005268267e7b4ea375951577df1687ee:getPixels
Please wait ...
Data downloaded to /home/arogya/projects/afg-clustering/data/interim/tiles/41.tif
Generating URL ...
Downloading data from https://earthengine.googleapis.com/v1alpha/projects/earthengine-legacy/thumbnails/e1a010037f2ff6e0ad7409028bcb23f5-0b543865ebae6481b2abdf6996883f05:getPixels
Please wait ...
Data downloaded to /home/arogya/projects/afg-clustering/data/interim/tiles/94.tif
Generating URL ...
Data downloaded to /home/arogya/projects/afg-clustering/data/interim/tiles/55.tif
Downloading data from https://earthengine.googleapis.com/v1alpha/projects/earthengine-legacy/thumbnails/7da7e2678cf120ea8d0e60e4219e79e1-4fed43fcab8b8b6d31d64272a2b9dc42:getPixels
Please wait ...
Data downloaded to /home/arogya/projects/afg-clustering/data/interim/tiles/95.tif
#### Download Complete in 336.4235200881958  ####
