/home/arogya/.local/lib/python3.9/site-packages/geopandas/_compat.py:111: UserWarning: The Shapely GEOS version (3.10.2-CAPI-1.16.0) is incompatible with the GEOS version PyGEOS was compiled with (3.10.1-CAPI-1.16.0). Conversions between both will be slow.
  warnings.warn(
*** Earth Engine *** FINAL DEADLINE: ee.Authenticate will fail after 2022-06-06. Please upgrade. https://developers.google.com/earth-engine/guides/python_install
--- Generating grids...
--------- Generating grid at 2500mx2500m ...
--------- Grid generation complete. Saving to disk...
#################### Output Columns: Index(['FID', 'geometry'], dtype='object')
#################### Output Columns: Index(['pgrid_id', 'geometry', 'DISTID', 'OBJECTID', 'PROV_34_NA',
       'DIST_34_NA', 'PROVID', 'poppy_ha', 'ag_ha', 'poppy_perc', 'quantile',
       'rank'],
      dtype='object')
--------- Successfully saved to disk: ../data/interim/parent.gpkg
--------- Generating grid at 250mx250m ...
--------- Grid generation complete. Saving to disk...
#################### Output Columns: Index(['FID', 'geometry'], dtype='object')
#################### Output Columns: Index(['grid_id', 'geometry', 'DISTID', 'OBJECTID', 'PROV_34_NA', 'DIST_34_NA',
       'PROVID', 'poppy_ha', 'ag_ha', 'poppy_perc', 'quantile', 'rank'],
      dtype='object')
--------- Successfully saved to disk: ../data/interim/child.gpkg
--------- Generating grid at 25000mx25000m ...
--------- Grid generation complete. Saving to disk...
#################### Output Columns: Index(['FID', 'geometry'], dtype='object')
#################### Output Columns: Index(['pgrid_id', 'geometry', 'DISTID', 'OBJECTID', 'PROV_34_NA',
       'DIST_34_NA', 'PROVID', 'poppy_ha', 'ag_ha', 'poppy_perc', 'quantile',
       'rank'],
      dtype='object')
--------- Successfully saved to disk: ../data/interim/parent_best_dates.gpkg
--------- Generating grid at 10000mx10000m ...
--------- Grid generation complete. Saving to disk...
#################### Output Columns: Index(['FID', 'geometry'], dtype='object')
#################### Output Columns: Index(['pgrid_id', 'geometry', 'DISTID', 'OBJECTID', 'PROV_34_NA',
       'DIST_34_NA', 'PROVID', 'poppy_ha', 'ag_ha', 'poppy_perc', 'quantile',
       'rank'],
      dtype='object')
--------- Successfully saved to disk: ../data/interim/parent_10.gpkg
#### Grid Gen Complete in 29.658046007156372 ####
--- Backfilling dates..
Done with MODIS best date calculation.. - 0.10788393020629883 sec
Generating URL ...
Downloading data from https://earthengine.googleapis.com/v1alpha/projects/earthengine-legacy/thumbnails/b09b9b6103d9dd53c055c485225d8aac-587b61e2c954d05bf01fd9a773ab2efd:getPixels
Please wait ...
Data downloaded to /home/arogya/projects/afg-clustering/data/interim/modis/tiles/0.tif
Generating URL ...
Downloading data from https://earthengine.googleapis.com/v1alpha/projects/earthengine-legacy/thumbnails/2ddc312f120527271c8be75e74abb814-33c1937ef809a303757aca81ecf24294:getPixels
Please wait ...
Data downloaded to /home/arogya/projects/afg-clustering/data/interim/modis/tiles/1.tif
Generating URL ...
Downloading data from https://earthengine.googleapis.com/v1alpha/projects/earthengine-legacy/thumbnails/6a1c46c17f222f7cae9c2ebf5800226b-aca42c6b0397d404af115367d89469c0:getPixels
Please wait ...
Data downloaded to /home/arogya/projects/afg-clustering/data/interim/modis/tiles/2.tif
Generating URL ...
Downloading data from https://earthengine.googleapis.com/v1alpha/projects/earthengine-legacy/thumbnails/2ae34e71bcf9433aaacfb94fd312c1c5-f7dc637e1cd227960ee12b962a9721a8:getPixels
Please wait ...
Data downloaded to /home/arogya/projects/afg-clustering/data/interim/modis/tiles/3.tif
Generating URL ...
Downloading data from https://earthengine.googleapis.com/v1alpha/projects/earthengine-legacy/thumbnails/6392103595b03b27ce9057d75a0c04b7-98caccc993a7dd136263e8aab2582f02:getPixels
Please wait ...
Data downloaded to /home/arogya/projects/afg-clustering/data/interim/modis/tiles/4.tif
Generating URL ...
Downloading data from https://earthengine.googleapis.com/v1alpha/projects/earthengine-legacy/thumbnails/cac9972c4dcbe8250f3097a484882a7f-bef9c38909c05d66104258d10a2d7d9d:getPixels
Please wait ...
Data downloaded to /home/arogya/projects/afg-clustering/data/interim/modis/tiles/5.tif
Generating URL ...
Downloading data from https://earthengine.googleapis.com/v1alpha/projects/earthengine-legacy/thumbnails/acfd36bfb45c883fa97cca9d2ebb1b0e-aab6a105c85b0555833d053d35c678e1:getPixels
Please wait ...
Data downloaded to /home/arogya/projects/afg-clustering/data/interim/modis/tiles/6.tif
Generating URL ...
Downloading data from https://earthengine.googleapis.com/v1alpha/projects/earthengine-legacy/thumbnails/b8d011b7467219bb8f838bd6909e9342-674743e091d62ee8d15f901b41598e71:getPixels
Please wait ...
Data downloaded to /home/arogya/projects/afg-clustering/data/interim/modis/tiles/7.tif
Generating URL ...
Downloading data from https://earthengine.googleapis.com/v1alpha/projects/earthengine-legacy/thumbnails/ee3c757ce5885c8c1ee42ebeaf61e17f-35fc25cb089cfd7dd822a49a62b3dedc:getPixels
Please wait ...
Data downloaded to /home/arogya/projects/afg-clustering/data/interim/modis/tiles/8.tif
Generating URL ...
Downloading data from https://earthengine.googleapis.com/v1alpha/projects/earthengine-legacy/thumbnails/39e903c3dcd886b713d534dff86e0891-e5c6b76b0a6b3e836f2a900b7229759f:getPixels
Please wait ...
Data downloaded to /home/arogya/projects/afg-clustering/data/interim/modis/tiles/9.tif
Generating URL ...
Downloading data from https://earthengine.googleapis.com/v1alpha/projects/earthengine-legacy/thumbnails/63cc1024f0a8d1a73d189cb0ee9ecc57-e966e80dcc9918cf1715a012fa08e0e2:getPixels
Please wait ...
Data downloaded to /home/arogya/projects/afg-clustering/data/interim/modis/tiles/10.tif
Generating URL ...
Downloading data from https://earthengine.googleapis.com/v1alpha/projects/earthengine-legacy/thumbnails/75fa2ed08c640a32f9bc26823fd68579-64905217136e2cae872ed332b5f78be6:getPixels
Please wait ...
Data downloaded to /home/arogya/projects/afg-clustering/data/interim/modis/tiles/11.tif
Generating URL ...
Downloading data from https://earthengine.googleapis.com/v1alpha/projects/earthengine-legacy/thumbnails/e1de3850dbef0f7ce1ce0e5df6e716be-9c80ea63209c1bf7d48578fa2fb3bcc5:getPixels
Please wait ...
Data downloaded to /home/arogya/projects/afg-clustering/data/interim/modis/tiles/12.tif
Generating URL ...
Downloading data from https://earthengine.googleapis.com/v1alpha/projects/earthengine-legacy/thumbnails/45f6e409db9795df9d4dcb159c9db38d-c07c4b83c8b801a328d6d13b2ad5a346:getPixels
Please wait ...
Data downloaded to /home/arogya/projects/afg-clustering/data/interim/modis/tiles/13.tif
['0.tif', '1.tif', '2.tif', '3.tif', '4.tif', '5.tif', '6.tif', '7.tif', '8.tif', '9.tif', '10.tif', '11.tif', '12.tif', '13.tif']
#### Missing 0 tiles, proceeding to merge..
0...10...20...30...40...50...60...70...80...90...100 - done.
0...10...20...30...40...50...60...70...80...90...100 - done.
Merged tiles.. - 26.73896813392639 sec
Shell GDF created.. - 26.774954795837402 sec
0...10...20...30...40...50...60...70...80...90...Creating output ../data/interim/modis/shell.gpkg of format GPKG.
100 - done.
Polygonized shell.. - 762.724903345108 sec
0...10...20...30...40...50...60...70...80...90...Creating output ../data/interim/modis/merged.gpkg of format GPKG.
100 - done.
Polygonized merged.. - 798.3594152927399 sec
Created Centroids.. - 845.4134163856506 sec
212670
Saved child GDF. Completed! - 900.1071693897247 sec
#### Backfill Complete in 900.6881771087646 ####
--- Downloading images.. | Post Period days - 30 to 45 days
['652.tif', '733.tif', '164.tif', '328.tif', '490.tif', '409.tif', '82.tif', '0.tif', '571.tif', '734.tif', '246.tif', '165.tif', '329.tif', '166.tif', '1.tif', '491.tif', '653.tif', '572.tif', '410.tif', '330.tif', '83.tif', '2.tif', '575.tif', '247.tif', '3.tif', '167.tif', '492.tif', '654.tif', '4.tif', '411.tif', '735.tif', '331.tif', '573.tif', '248.tif', '5.tif', '84.tif', '168.tif', '493.tif', '655.tif', '249.tif', '412.tif', '332.tif', '6.tif', '494.tif', '736.tif', '574.tif', '576.tif', '333.tif', '169.tif', '250.tif', '85.tif', '656.tif', '413.tif', '7.tif', '251.tif', '737.tif', '334.tif', '495.tif', '170.tif', '86.tif', '414.tif', '657.tif', '577.tif', '87.tif', '738.tif', '335.tif', '8.tif', '496.tif', '171.tif', '252.tif', '739.tif', '9.tif', '415.tif', '658.tif', '740.tif', '578.tif', '336.tif', '497.tif', '10.tif', '659.tif', '172.tif', '416.tif', '173.tif', '253.tif', '88.tif', '579.tif', '337.tif', '11.tif', '741.tif', '89.tif', '660.tif', '498.tif', '90.tif', '254.tif', '417.tif', '580.tif', '12.tif', '338.tif', '174.tif', '255.tif', '13.tif', '14.tif', '499.tif', '581.tif', '661.tif', '96.tif', '27.tif', '742.tif', '418.tif', '339.tif', '256.tif', '175.tif', '15.tif', '91.tif', '662.tif', '500.tif', '16.tif', '743.tif', '340.tif', '582.tif', '419.tif', '177.tif', '176.tif', '92.tif', '501.tif', '257.tif', '341.tif', '744.tif', '663.tif', '95.tif', '420.tif', '17.tif', '583.tif', '93.tif', '421.tif', '502.tif', '258.tif', '745.tif', '18.tif', '584.tif', '178.tif', '664.tif', '342.tif', '94.tif', '422.tif', '503.tif', '259.tif', '746.tif', '179.tif', '665.tif', '504.tif', '585.tif', '19.tif', '180.tif', '343.tif', '423.tif', '260.tif', '20.tif', '747.tif', '757.tif', '505.tif', '97.tif', '344.tif', '586.tif', '666.tif', '748.tif', '425.tif', '21.tif', '261.tif', '424.tif', '181.tif', '506.tif', '345.tif', '749.tif', '587.tif', '667.tif', '98.tif', '262.tif', '182.tif', '22.tif', '263.tif', '588.tif', '507.tif', '264.tif', '346.tif', '668.tif', '750.tif', '99.tif', '426.tif', '669.tif', '23.tif', '183.tif', '671.tif', '670.tif', '508.tif', '100.tif', '347.tif', '265.tif', '24.tif', '751.tif', '427.tif', '752.tif', '184.tif', '589.tif', '25.tif', '509.tif', '26.tif', '101.tif', '428.tif', '266.tif', '185.tif', '672.tif', '688.tif', '348.tif', '673.tif', '510.tif', '102.tif', '429.tif', '186.tif', '267.tif', '590.tif', '753.tif', '103.tif', '28.tif', '349.tif', '104.tif', '511.tif', '187.tif', '430.tif', '674.tif', '268.tif', '591.tif', '29.tif', '754.tif', '350.tif', '188.tif', '431.tif', '105.tif', '512.tif', '269.tif', '592.tif', '189.tif', '30.tif', '513.tif', '351.tif', '31.tif', '270.tif', '432.tif', '755.tif', '675.tif', '33.tif', '593.tif', '32.tif', '106.tif', '190.tif', '352.tif', '433.tif', '756.tif', '34.tif', '594.tif', '514.tif', '676.tif', '271.tif', '107.tif', '191.tif', '202.tif', '353.tif', '434.tif', '758.tif', '595.tif', '516.tif', '677.tif', '272.tif', '515.tif', '108.tif', '596.tif', '192.tif', '35.tif', '517.tif', '273.tif', '678.tif', '109.tif', '518.tif', '759.tif', '760.tif', '435.tif', '354.tif', '110.tif', '36.tif', '274.tif', '111.tif', '679.tif', '193.tif', '519.tif', '275.tif', '597.tif', '436.tif', '355.tif', '762.tif', '112.tif', '194.tif', '37.tif', '680.tif', '520.tif', '276.tif', '356.tif', '195.tif', '598.tif', '761.tif', '113.tif', '437.tif', '38.tif', '681.tif', '521.tif', '196.tif', '277.tif', '357.tif', '44.tif', '682.tif', '438.tif', '39.tif', '198.tif', '114.tif', '599.tif', '522.tif', '197.tif', '763.tif', '358.tif', '278.tif', '439.tif', '115.tif', '600.tif', '683.tif', '764.tif', '40.tif', '523.tif', '359.tif', '199.tif', '279.tif', '42.tif', '116.tif', '440.tif', '41.tif', '684.tif', '601.tif', '360.tif', '602.tif', '361.tif', '200.tif', '117.tif', '524.tif', '603.tif', '280.tif', '201.tif', '362.tif', '441.tif', '765.tif', '685.tif', '604.tif', '686.tif', '687.tif', '363.tif', '43.tif', '119.tif', '525.tif', '118.tif', '605.tif', '281.tif', '442.tif', '766.tif', '530.tif', '364.tif', '203.tif', '526.tif', '443.tif', '606.tif', '689.tif', '767.tif', '282.tif', '768.tif', '45.tif', '120.tif', '444.tif', '365.tif', '690.tif', '527.tif', '607.tif', '284.tif', '283.tif', '769.tif', '46.tif', '47.tif', '366.tif', '121.tif', '204.tif', '445.tif', '48.tif', '528.tif', '691.tif', '608.tif', '367.tif', '770.tif', '205.tif', '122.tif', '49.tif', '529.tif', '446.tif', '368.tif', '609.tif', '124.tif', '692.tif', '123.tif', '50.tif', '285.tif', '447.tif', '206.tif', '771.tif', '51.tif', '610.tif', '693.tif', '287.tif', '369.tif', '52.tif', '448.tif', '207.tif', '772.tif', '286.tif', '53.tif', '694.tif', '531.tif', '611.tif', '370.tif', '125.tif', '208.tif', '449.tif', '613.tif', '773.tif', '54.tif', '612.tif', '371.tif', '532.tif', '695.tif', '126.tif', '450.tif', '451.tif', '288.tif', '55.tif', '614.tif', '209.tif', '372.tif', '533.tif', '774.tif', '452.tif', '127.tif', '696.tif', '289.tif', '56.tif', '129.tif', '210.tif', '373.tif', '534.tif', '775.tif', '128.tif', '453.tif', '697.tif', '290.tif', '57.tif', '130.tif', '211.tif', '535.tif', '374.tif', '615.tif', '776.tif', '291.tif', '537.tif', '698.tif', '536.tif', '212.tif', '58.tif', '454.tif', '375.tif', '777.tif', '131.tif', '616.tif', '292.tif', '699.tif', '456.tif', '213.tif', '59.tif', '455.tif', '132.tif', '376.tif', '778.tif', '293.tif', '617.tif', '133.tif', '700.tif', '60.tif', '214.tif', '134.tif', '538.tif', '457.tif', '779.tif', '701.tif', '294.tif', '702.tif', '135.tif', '539.tif', '618.tif', '377.tif', '780.tif', '215.tif', '61.tif', '296.tif', '295.tif', '703.tif', '458.tif', '619.tif', '136.tif', '217.tif', '216.tif', '378.tif', '62.tif', '297.tif', '781.tif', '459.tif', '704.tif', '540.tif', '620.tif', '465.tif', '137.tif', '139.tif', '379.tif', '63.tif', '298.tif', '460.tif', '782.tif', '705.tif', '541.tif', '138.tif', '218.tif', '621.tif', '299.tif', '380.tif', '64.tif', '461.tif', '706.tif', '220.tif', '219.tif', '783.tif', '300.tif', '65.tif', '381.tif', '462.tif', '707.tif', '542.tif', '622.tif', '140.tif', '623.tif', '301.tif', '784.tif', '221.tif', '543.tif', '463.tif', '382.tif', '141.tif', '69.tif', '66.tif', '142.tif', '708.tif', '302.tif', '222.tif', '785.tif', '464.tif', '383.tif', '624.tif', '544.tif', '67.tif', '143.tif', '303.tif', '786.tif', '384.tif', '625.tif', '223.tif', '68.tif', '709.tif', '545.tif', '144.tif', '385.tif', '787.tif', '628.tif', '466.tif', '546.tif', '710.tif', '224.tif', '626.tif', '386.tif', '145.tif', '304.tif', '547.tif', '788.tif', '70.tif', '467.tif', '548.tif', '225.tif', '627.tif', '146.tif', '305.tif', '711.tif', '789.tif', '387.tif', '549.tif', '468.tif', '71.tif', '790.tif', '226.tif', '388.tif', '629.tif', '712.tif', '72.tif', '550.tif', '147.tif', '716.tif', '630.tif', '227.tif', '713.tif', '714.tif', '73.tif', '469.tif', '306.tif', '74.tif', '791.tif', '228.tif', '551.tif', '148.tif', '75.tif', '631.tif', '715.tif', '389.tif', '307.tif', '470.tif', '229.tif', '230.tif', '792.tif', '149.tif', '76.tif', '231.tif', '552.tif', '308.tif', '553.tif', '390.tif', '632.tif', '471.tif', '150.tif', '310.tif', '232.tif', '793.tif', '77.tif', '391.tif', '309.tif', '717.tif', '633.tif', '472.tif', '151.tif', '392.tif', '233.tif', '554.tif', '794.tif', '78.tif', '235.tif', '718.tif', '634.tif', '473.tif', '393.tif', '152.tif', '234.tif', '555.tif', '474.tif', '79.tif', '311.tif', '635.tif', '153.tif', '719.tif', '795.tif', '394.tif', '80.tif', '81.tif', '556.tif', '240.tif', '475.tif', '636.tif', '312.tif', '155.tif', '154.tif', '720.tif', '796.tif', '395.tif', '557.tif', '476.tif', '313.tif', '236.tif', '797.tif', '637.tif', '156.tif', '721.tif', '396.tif', '558.tif', '477.tif', '638.tif', '724.tif', '237.tif', '722.tif', '798.tif', '397.tif', '314.tif', '723.tif', '799.tif', '800.tif', '398.tif', '559.tif', '157.tif', '315.tif', '478.tif', '639.tif', '159.tif', '238.tif', '801.tif', '399.tif', '158.tif', '560.tif', '725.tif', '640.tif', '239.tif', '479.tif', '802.tif', '160.tif', '316.tif', '400.tif', '726.tif', '561.tif', '641.tif', '406.tif', '480.tif', '803.tif', '401.tif', '241.tif', '317.tif', '727.tif', '161.tif', '562.tif', '481.tif', '804.tif', '642.tif', '563.tif', '402.tif', '318.tif', '162.tif', '805.tif', '728.tif', '806.tif', '482.tif', '643.tif', '242.tif', '319.tif', '403.tif', '729.tif', '163.tif', '483.tif', '404.tif', '484.tif', '807.tif', '485.tif', '243.tif', '564.tif', '809.tif', '644.tif', '320.tif', '486.tif', '808.tif', '730.tif', '322.tif', '244.tif', '731.tif', '405.tif', '321.tif', '732.tif', '565.tif', '810.tif', '487.tif', '645.tif', '811.tif', '245.tif', '812.tif', '566.tif', '813.tif', '646.tif', '488.tif', '407.tif', '323.tif', '567.tif', '489.tif', '647.tif', '324.tif', '408.tif', '568.tif', '648.tif', '325.tif', '569.tif', '649.tif', '326.tif', '650.tif', '570.tif', '651.tif', '327.tif']
Ignoring 814 tiles as rasters for them are already generated; will only generate rasters for remaining 0 tiles
#### Download Complete in 6.892273426055908  ####
