/home/arogya/.local/lib/python3.9/site-packages/geopandas/_compat.py:111: UserWarning: The Shapely GEOS version (3.10.2-CAPI-1.16.0) is incompatible with the GEOS version PyGEOS was compiled with (3.10.1-CAPI-1.16.0). Conversions between both will be slow.
  warnings.warn(
*** Earth Engine *** FINAL DEADLINE: ee.Authenticate will fail after 2022-06-06. Please upgrade. https://developers.google.com/earth-engine/guides/python_install
--- Generating grids...
--------- Generating grid at 2500mx2500m ...
--------- Grid generation complete. Saving to disk...
#################### Output Columns: Index(['FID', 'geometry'], dtype='object')
#################### Output Columns: Index(['pgrid_id', 'geometry', 'DISTID', 'OBJECTID', 'PROV_34_NA',
       'DIST_34_NA', 'PROVID', 'poppy_ha', 'ag_ha', 'poppy_perc', 'quantile',
       'rank'],
      dtype='object')
--------- Successfully saved to disk: ../data/interim/parent.gpkg
--------- Generating grid at 250mx250m ...
--------- Grid generation complete. Saving to disk...
#################### Output Columns: Index(['FID', 'geometry'], dtype='object')
#################### Output Columns: Index(['grid_id', 'geometry', 'DISTID', 'OBJECTID', 'PROV_34_NA', 'DIST_34_NA',
       'PROVID', 'poppy_ha', 'ag_ha', 'poppy_perc', 'quantile', 'rank'],
      dtype='object')
--------- Successfully saved to disk: ../data/interim/child.gpkg
--------- Generating grid at 25000mx25000m ...
--------- Grid generation complete. Saving to disk...
#################### Output Columns: Index(['FID', 'geometry'], dtype='object')
#################### Output Columns: Index(['pgrid_id', 'geometry', 'DISTID', 'OBJECTID', 'PROV_34_NA',
       'DIST_34_NA', 'PROVID', 'poppy_ha', 'ag_ha', 'poppy_perc', 'quantile',
       'rank'],
      dtype='object')
--------- Successfully saved to disk: ../data/interim/parent_best_dates.gpkg
--------- Generating grid at 10000mx10000m ...
--------- Grid generation complete. Saving to disk...
#################### Output Columns: Index(['FID', 'geometry'], dtype='object')
#################### Output Columns: Index(['pgrid_id', 'geometry', 'DISTID', 'OBJECTID', 'PROV_34_NA',
       'DIST_34_NA', 'PROVID', 'poppy_ha', 'ag_ha', 'poppy_perc', 'quantile',
       'rank'],
      dtype='object')
--------- Successfully saved to disk: ../data/interim/parent_10.gpkg
#### Grid Gen Complete in 4.240645170211792 ####
--- Backfilling dates..
Done with MODIS best date calculation.. - 0.28896069526672363 sec
Generating URL ...
Downloading data from https://earthengine.googleapis.com/v1alpha/projects/earthengine-legacy/thumbnails/a0c786c719e92dda62a8fad4264dab04-31d3c4b48f779cfce84ccf6c85f8b668:getPixels
Please wait ...
Data downloaded to /home/arogya/projects/afg-clustering/data/interim/modis/tiles/0.tif
Generating URL ...
Downloading data from https://earthengine.googleapis.com/v1alpha/projects/earthengine-legacy/thumbnails/1578f3339d9c5ce87bd9a02d5c29e430-db6ea8d8628a78f03e6c925764be05e9:getPixels
Please wait ...
Data downloaded to /home/arogya/projects/afg-clustering/data/interim/modis/tiles/1.tif
Generating URL ...
Downloading data from https://earthengine.googleapis.com/v1alpha/projects/earthengine-legacy/thumbnails/2a570190ada8b1665e53d9918288398b-e8c4dbb5384c35d854fc4f7cb276bbc4:getPixels
Please wait ...
Data downloaded to /home/arogya/projects/afg-clustering/data/interim/modis/tiles/2.tif
Generating URL ...
Downloading data from https://earthengine.googleapis.com/v1alpha/projects/earthengine-legacy/thumbnails/c8f55eb196ba6883ca8f080488562f5e-7d781eacb85468b258a38af1ac6ee5e7:getPixels
Please wait ...
Data downloaded to /home/arogya/projects/afg-clustering/data/interim/modis/tiles/3.tif
['0.tif', '1.tif', '2.tif', '3.tif']
#### Missing 0 tiles, proceeding to merge..
0...10...20...30...40...50...60...70...80...90...100 - done.
0...10...20...30...40...50...60...70...80...90...100 - done.
Merged tiles.. - 5.578586101531982 sec
Shell GDF created.. - 5.603713750839233 sec
0...10...20...30...40...50...60...70...80...90...Creating output ../data/interim/modis/shell.gpkg of format GPKG.
100 - done.
Polygonized shell.. - 182.97311162948608 sec
0...10...20...30...40...50...60...70...80...90...Creating output ../data/interim/modis/merged.gpkg of format GPKG.
100 - done.
Polygonized merged.. - 191.9852340221405 sec
Created Centroids.. - 201.74774193763733 sec
50336
Saved child GDF. Completed! - 210.0477843284607 sec
#### Backfill Complete in 210.17746758460999 ####
--- Downloading images.. | Post Period days - 30 to 45 days
[]
Ignoring 0 tiles as rasters for them are already generated; will only generate rasters for remaining 135 tiles
Generating URL ...
Downloading data from https://earthengine.googleapis.com/v1alpha/projects/earthengine-legacy/thumbnails/3e28df7319483e06ce3e2561e30b127b-1716f2767556f6770e0e91fff60127a5:getPixels
Please wait ...
Generating URL ...
Generating URL ...
Generating URL ...
Generating URL ...
Generating URL ...
Downloading data from https://earthengine.googleapis.com/v1alpha/projects/earthengine-legacy/thumbnails/a96c899fa9bb4eb962bbfb05a1d1a9cb-4fe8a270b2ffdb245a65d8b431034204:getPixels
Please wait ...
Generating URL ...
Downloading data from https://earthengine.googleapis.com/v1alpha/projects/earthengine-legacy/thumbnails/318a1cdf3cf540c5408ab7d9a90d1181-6be47f1944b2ae72e00ee5310be28e11:getPixels
Please wait ...
Generating URL ...
Downloading data from https://earthengine.googleapis.com/v1alpha/projects/earthengine-legacy/thumbnails/d2279382f185493b8cb87ed8abca9ad2-884bf3055892b32ba20da6f5c2314cf2:getPixels
Please wait ...
Downloading data from https://earthengine.googleapis.com/v1alpha/projects/earthengine-legacy/thumbnails/188d25a1e70b94d34ca6f063a99e8937-bf2179cb38deb73665a9b07b0b8f5bc6:getPixels
Please wait ...
Downloading data from https://earthengine.googleapis.com/v1alpha/projects/earthengine-legacy/thumbnails/841421efbb8e95e92f88cf74d2a76aa9-eec3422613e740442b4eb1037b1b1168:getPixels
Please wait ...
Generating URL ...
Downloading data from https://earthengine.googleapis.com/v1alpha/projects/earthengine-legacy/thumbnails/56ce4335e3353cad559cd514b2a36918-bddf7d9cd6b53986bce19ecda4c3f3f1:getPixels
Please wait ...
Generating URL ...
Downloading data from https://earthengine.googleapis.com/v1alpha/projects/earthengine-legacy/thumbnails/515f2e52c3020270714c8200d283bf0b-340490b0fd94f6bea6027835dc037698:getPixels
Please wait ...
Downloading data from https://earthengine.googleapis.com/v1alpha/projects/earthengine-legacy/thumbnails/59977bfc639354d0919fe19e449958c6-3ffebde6ae8e8d9484c806ff9372a4ce:getPixels
Please wait ...
Downloading data from https://earthengine.googleapis.com/v1alpha/projects/earthengine-legacy/thumbnails/71bfdcb831f167c6e30e2225d4e0ab8a-bb816f2e6ef68583249513cd7cc8a560:getPixels
Please wait ...
Data downloaded to /home/arogya/projects/afg-clustering/data/interim/tiles/0.tif
Generating URL ...
Downloading data from https://earthengine.googleapis.com/v1alpha/projects/earthengine-legacy/thumbnails/7ea433855712612afdc74e340ff2516b-b432eec0a8ae0534490ebaf1865f096a:getPixels
Please wait ...
Data downloaded to /home/arogya/projects/afg-clustering/data/interim/tiles/14.tif
Generating URL ...
Data downloaded to /home/arogya/projects/afg-clustering/data/interim/tiles/1.tif
Downloading data from https://earthengine.googleapis.com/v1alpha/projects/earthengine-legacy/thumbnails/2ffd8342ff0bd12f362dc1d7e815fb24-0799356d125d9f1036af1bef5e6f742c:getPixels
Please wait ...
Generating URL ...
Downloading data from https://earthengine.googleapis.com/v1alpha/projects/earthengine-legacy/thumbnails/9b26229cc90937b47e3fe4e255cdce2d-c39376560c486fe406e11153547453de:getPixels
Please wait ...
Data downloaded to /home/arogya/projects/afg-clustering/data/interim/tiles/109.tif
Data downloaded to /home/arogya/projects/afg-clustering/data/interim/tiles/28.tif
Data downloaded to /home/arogya/projects/afg-clustering/data/interim/tiles/42.tif
Data downloaded to /home/arogya/projects/afg-clustering/data/interim/tiles/122.tif
Data downloaded to /home/arogya/projects/afg-clustering/data/interim/tiles/70.tif
Generating URL ...
Generating URL ...
Generating URL ...
Downloading data from https://earthengine.googleapis.com/v1alpha/projects/earthengine-legacy/thumbnails/09bf85384b7a0536a2cea512755238d5-a55ae5e951c05084ec51aa2953e8cd8d:getPixels
Please wait ...
Downloading data from https://earthengine.googleapis.com/v1alpha/projects/earthengine-legacy/thumbnails/d007b57972cd1c8aa0fca8107d1f946c-13cb615411b86b688f3f78d8fee45b33:getPixels
Please wait ...
Data downloaded to /home/arogya/projects/afg-clustering/data/interim/tiles/96.tif
Data downloaded to /home/arogya/projects/afg-clustering/data/interim/tiles/56.tif
Downloading data from https://earthengine.googleapis.com/v1alpha/projects/earthengine-legacy/thumbnails/28f24d79199382eea9b75711b2496a3b-bd4eb221a4ab9e886ce501b956bdc471:getPixels
Please wait ...
Generating URL ...
Generating URL ...
Data downloaded to /home/arogya/projects/afg-clustering/data/interim/tiles/15.tif
Data downloaded to /home/arogya/projects/afg-clustering/data/interim/tiles/83.tif
Downloading data from https://earthengine.googleapis.com/v1alpha/projects/earthengine-legacy/thumbnails/0010dca7588be7b46822f2ac56911290-a4a94eb5ca15e3f8bf08efbd93e6a23a:getPixels
Please wait ...
Downloading data from https://earthengine.googleapis.com/v1alpha/projects/earthengine-legacy/thumbnails/b92c397ec2150315201bcbf4d95d6272-5250d0ce90f13e7e9895f368a2004537:getPixels
Please wait ...
Generating URL ...
Downloading data from https://earthengine.googleapis.com/v1alpha/projects/earthengine-legacy/thumbnails/036fe9dd6fe6108b4b8c4f193342b8e3-ed22eb5fe60674e10e5d58db55594f37:getPixels
Please wait ...
Generating URL ...
Generating URL ...
Downloading data from https://earthengine.googleapis.com/v1alpha/projects/earthengine-legacy/thumbnails/3883d91adbbca0ddd6bd6518cc63f7e2-d70a761fb83c6a6b380f6ebe90937fb0:getPixels
Please wait ...
Downloading data from https://earthengine.googleapis.com/v1alpha/projects/earthengine-legacy/thumbnails/54af60529b7b43393e7b942862fbafcb-fce84157cd5391a767e39a1061438671:getPixels
Please wait ...
Generating URL ...
Data downloaded to /home/arogya/projects/afg-clustering/data/interim/tiles/2.tif
Downloading data from https://earthengine.googleapis.com/v1alpha/projects/earthengine-legacy/thumbnails/a4bb4cc93ce8bb4b5fb838f1a623149f-259728f469d706629ec3708beca83123:getPixels
Please wait ...
Generating URL ...
Downloading data from https://earthengine.googleapis.com/v1alpha/projects/earthengine-legacy/thumbnails/372add848212ad3d1e1b5256ade947e7-5558381904d316336ba8bc54f348c3f0:getPixels
Please wait ...
Data downloaded to /home/arogya/projects/afg-clustering/data/interim/tiles/123.tif
Data downloaded to /home/arogya/projects/afg-clustering/data/interim/tiles/97.tif
Data downloaded to /home/arogya/projects/afg-clustering/data/interim/tiles/110.tif
Generating URL ...
Downloading data from https://earthengine.googleapis.com/v1alpha/projects/earthengine-legacy/thumbnails/0782261b54fbcba9688c8f6d28070e2d-dc51b36304bedd1cf96f4ebb7a42fffa:getPixels
Please wait ...
Generating URL ...
Data downloaded to /home/arogya/projects/afg-clustering/data/interim/tiles/29.tif
Generating URL ...
Data downloaded to /home/arogya/projects/afg-clustering/data/interim/tiles/16.tif
Downloading data from https://earthengine.googleapis.com/v1alpha/projects/earthengine-legacy/thumbnails/d6d7f4a14df6768d6a4f23c1b32334d1-6a2dee3ee1f64d933399b900678a3143:getPixels
Please wait ...
Data downloaded to /home/arogya/projects/afg-clustering/data/interim/tiles/43.tif
Downloading data from https://earthengine.googleapis.com/v1alpha/projects/earthengine-legacy/thumbnails/ba4f7b89e543aadec540e8e848158cce-f235b14c10fd21b2548f62e9212d9eb2:getPixels
Please wait ...
Generating URL ...
Generating URL ...
Data downloaded to /home/arogya/projects/afg-clustering/data/interim/tiles/3.tif
Downloading data from https://earthengine.googleapis.com/v1alpha/projects/earthengine-legacy/thumbnails/e5624bac27da711e23d504229fd41534-92a8078bb1239f51b5725750d228d6d0:getPixels
Please wait ...
Data downloaded to /home/arogya/projects/afg-clustering/data/interim/tiles/57.tif
Data downloaded to /home/arogya/projects/afg-clustering/data/interim/tiles/71.tif
Downloading data from https://earthengine.googleapis.com/v1alpha/projects/earthengine-legacy/thumbnails/178c4c142a88d63b4ce78763ec528ed9-946dd06a89970cf6490be8bc0701e360:getPixels
Please wait ...
Generating URL ...
Downloading data from https://earthengine.googleapis.com/v1alpha/projects/earthengine-legacy/thumbnails/d880a0107053b469623005bfb293e657-036a05a3a8a996b5db2c6b9dc2ecb311:getPixels
Please wait ...
Data downloaded to /home/arogya/projects/afg-clustering/data/interim/tiles/84.tif
Generating URL ...
Downloading data from https://earthengine.googleapis.com/v1alpha/projects/earthengine-legacy/thumbnails/3295ba77b78cb7eda4cce79f62da552d-d28ec11ade81b87e05c4fde7b0dd50ad:getPixels
Please wait ...
Generating URL ...
Data downloaded to /home/arogya/projects/afg-clustering/data/interim/tiles/98.tif
Downloading data from https://earthengine.googleapis.com/v1alpha/projects/earthengine-legacy/thumbnails/9a829a22ceb3aafdb02cd6b9e1f026a8-d229a469592a8de80936ca38ad978d1a:getPixels
Please wait ...
Generating URL ...
Generating URL ...
Generating URL ...
Downloading data from https://earthengine.googleapis.com/v1alpha/projects/earthengine-legacy/thumbnails/f70b28e9ed2c3d21660b97af2c208009-604ee665a78d47589bf6e458ed5e152f:getPixels
Please wait ...
Downloading data from https://earthengine.googleapis.com/v1alpha/projects/earthengine-legacy/thumbnails/bb761232964b844e4e5166592283e532-9d3a18b8630aab3a8dff1d1df62c773f:getPixels
Please wait ...
Downloading data from https://earthengine.googleapis.com/v1alpha/projects/earthengine-legacy/thumbnails/60b5ec85a62e4793ed6870833d96cde0-544aac6ef5ba170b5b48211767a37314:getPixels
Please wait ...
Data downloaded to /home/arogya/projects/afg-clustering/data/interim/tiles/124.tif
Generating URL ...
Downloading data from https://earthengine.googleapis.com/v1alpha/projects/earthengine-legacy/thumbnails/5156f218462009c564c9265c42c56652-810fbc99012895cbfc7c2fdf032b75b2:getPixels
Please wait ...
Data downloaded to /home/arogya/projects/afg-clustering/data/interim/tiles/4.tif
Generating URL ...
Data downloaded to /home/arogya/projects/afg-clustering/data/interim/tiles/17.tif
Data downloaded to /home/arogya/projects/afg-clustering/data/interim/tiles/111.tif
Data downloaded to /home/arogya/projects/afg-clustering/data/interim/tiles/30.tif
Data downloaded to /home/arogya/projects/afg-clustering/data/interim/tiles/44.tif
Downloading data from https://earthengine.googleapis.com/v1alpha/projects/earthengine-legacy/thumbnails/d37ecae36b77d31ef1336a8d3d4b4ed2-fb96201ed6c3ade86c31edbad05dcc5f:getPixels
Please wait ...
Data downloaded to /home/arogya/projects/afg-clustering/data/interim/tiles/72.tif
Data downloaded to /home/arogya/projects/afg-clustering/data/interim/tiles/99.tif
Data downloaded to /home/arogya/projects/afg-clustering/data/interim/tiles/5.tif
Data downloaded to /home/arogya/projects/afg-clustering/data/interim/tiles/85.tif
Data downloaded to /home/arogya/projects/afg-clustering/data/interim/tiles/58.tif
Generating URL ...
Generating URL ...
Generating URL ...
Generating URL ...
Generating URL ...
Downloading data from https://earthengine.googleapis.com/v1alpha/projects/earthengine-legacy/thumbnails/8c82d21cbe792154df9ad3704c4adb81-3a67d539c02f72646a437be95ae6218b:getPixels
Please wait ...
Generating URL ...
Generating URL ...
Downloading data from https://earthengine.googleapis.com/v1alpha/projects/earthengine-legacy/thumbnails/d3d4ee0db5acd20d0543920c91f04205-4cdc557bc6b00f6a130a37ab10be4998:getPixels
Please wait ...
Downloading data from https://earthengine.googleapis.com/v1alpha/projects/earthengine-legacy/thumbnails/34798f9226a64d5e1acaed130d901fd1-a9a1577cae9d134959cc64e13941cd7d:getPixels
Please wait ...
Generating URL ...
Downloading data from https://earthengine.googleapis.com/v1alpha/projects/earthengine-legacy/thumbnails/3a5636b535cb3861eb545b1a0bab9558-67e874f22c1f6e890b04f8902460b991:getPixels
Please wait ...
Downloading data from https://earthengine.googleapis.com/v1alpha/projects/earthengine-legacy/thumbnails/e04c11da0d80c862b6d93eaf0d23c749-e94d5ae20df592398be0252099b876a9:getPixels
Please wait ...
Downloading data from https://earthengine.googleapis.com/v1alpha/projects/earthengine-legacy/thumbnails/b025ea09eb808e264f523d6cbbd2fa7a-d82cc65bfd48c2628678e3e311f0b3d1:getPixels
Please wait ...
Generating URL ...
Downloading data from https://earthengine.googleapis.com/v1alpha/projects/earthengine-legacy/thumbnails/08f4dd37a95f324e85b40a2991be6d39-835a6fa832c45b110f2bcee75347bc84:getPixels
Please wait ...
Downloading data from https://earthengine.googleapis.com/v1alpha/projects/earthengine-legacy/thumbnails/f6d9921712a928a6cbc8ba60f610f425-93e06f74556849c4757b3b3e72a713ca:getPixels
Please wait ...
Downloading data from https://earthengine.googleapis.com/v1alpha/projects/earthengine-legacy/thumbnails/fbeb7cbe7872f3b5dc437fe4c9eadfa0-88e3eeb6403362b7a22cda4094f577e1:getPixels
Please wait ...
Data downloaded to /home/arogya/projects/afg-clustering/data/interim/tiles/125.tif
Data downloaded to /home/arogya/projects/afg-clustering/data/interim/tiles/6.tif
Generating URL ...
Downloading data from https://earthengine.googleapis.com/v1alpha/projects/earthengine-legacy/thumbnails/e0061ae6744919942aba0015b686637d-dfd932623a4dcb430da03d3858d797d4:getPixels
Please wait ...
Data downloaded to /home/arogya/projects/afg-clustering/data/interim/tiles/86.tif
Generating URL ...
Generating URL ...
Downloading data from https://earthengine.googleapis.com/v1alpha/projects/earthengine-legacy/thumbnails/350e8e9987fe217e40c38322b3289015-5139e8925ce0d601d76df7d9b730e75c:getPixels
Please wait ...
Data downloaded to /home/arogya/projects/afg-clustering/data/interim/tiles/126.tif
Downloading data from https://earthengine.googleapis.com/v1alpha/projects/earthengine-legacy/thumbnails/20d414d652fd14fa11820aa216705a20-29ddbdc29ddc9bb943f72221d3fed104:getPixels
Please wait ...
Data downloaded to /home/arogya/projects/afg-clustering/data/interim/tiles/59.tif
Generating URL ...
Data downloaded to /home/arogya/projects/afg-clustering/data/interim/tiles/73.tif
Downloading data from https://earthengine.googleapis.com/v1alpha/projects/earthengine-legacy/thumbnails/15a818985efb9743b1d83283b57aecaf-2ecdb51d552d0ca6cd33c00deb6e5fd8:getPixels
Please wait ...
Generating URL ...
Data downloaded to /home/arogya/projects/afg-clustering/data/interim/tiles/18.tif
Downloading data from https://earthengine.googleapis.com/v1alpha/projects/earthengine-legacy/thumbnails/ad6233a542cde6dd1f33e30275f2edee-d9fa3f54be891c4e931e380ce6342698:getPixels
Please wait ...
Data downloaded to /home/arogya/projects/afg-clustering/data/interim/tiles/100.tif
Data downloaded to /home/arogya/projects/afg-clustering/data/interim/tiles/112.tif
Generating URL ...
Data downloaded to /home/arogya/projects/afg-clustering/data/interim/tiles/31.tif
Generating URL ...
Downloading data from https://earthengine.googleapis.com/v1alpha/projects/earthengine-legacy/thumbnails/a5b8241f9313642e80268c9a35fd2357-72a968c6c5b117192580045e302c4955:getPixels
Please wait ...
Downloading data from https://earthengine.googleapis.com/v1alpha/projects/earthengine-legacy/thumbnails/edbafeac770b7f186e11601b781a7bb7-752cd5efbfe3e6f1c609124094753ff8:getPixels
Please wait ...
Generating URL ...
Data downloaded to /home/arogya/projects/afg-clustering/data/interim/tiles/45.tif
Generating URL ...
Downloading data from https://earthengine.googleapis.com/v1alpha/projects/earthengine-legacy/thumbnails/cf998f2d8966f73f8291d17dd7eb7837-84575571ccdb8a61b3be328a88b94fb6:getPixels
Please wait ...
Generating URL ...
Downloading data from https://earthengine.googleapis.com/v1alpha/projects/earthengine-legacy/thumbnails/f028b0d9a3187989a65ec5d98c4598e4-38418ab10c8ac6599e26a940144cc547:getPixels
Please wait ...
Downloading data from https://earthengine.googleapis.com/v1alpha/projects/earthengine-legacy/thumbnails/f73bf9cebe7ac07ccd8c519a8f58bab7-96337405f786607e78fbfa395d502044:getPixels
Please wait ...
Data downloaded to /home/arogya/projects/afg-clustering/data/interim/tiles/127.tif
Generating URL ...
Downloading data from https://earthengine.googleapis.com/v1alpha/projects/earthengine-legacy/thumbnails/6ac05da0bec12a300a2690a354012f96-ce002c6df42b7e8ebdabdebf49157f46:getPixels
Please wait ...
Generating URL ...
Downloading data from https://earthengine.googleapis.com/v1alpha/projects/earthengine-legacy/thumbnails/0500f1c9be3968e506d1875755f19f94-81ca494d57718b164de03a445b02d5c0:getPixels
Please wait ...
Data downloaded to /home/arogya/projects/afg-clustering/data/interim/tiles/87.tif
Data downloaded to /home/arogya/projects/afg-clustering/data/interim/tiles/74.tif
Generating URL ...
Generating URL ...
Downloading data from https://earthengine.googleapis.com/v1alpha/projects/earthengine-legacy/thumbnails/f1dab48ad4c2ab1dd2da67f498c118d0-15176eb6a37330299b4d93be23973774:getPixels
Please wait ...
Downloading data from https://earthengine.googleapis.com/v1alpha/projects/earthengine-legacy/thumbnails/d7983350c815034ce0fa53cd2e42fafe-813ae37424c038142430cf1913f2c907:getPixels
Please wait ...
Data downloaded to /home/arogya/projects/afg-clustering/data/interim/tiles/7.tif
Generating URL ...
Downloading data from https://earthengine.googleapis.com/v1alpha/projects/earthengine-legacy/thumbnails/ec9e1a7ec024e0b43fd68e656f20d7c1-778e81fa78b6e98eeb0e81781c8aacc4:getPixels
Please wait ...
Data downloaded to /home/arogya/projects/afg-clustering/data/interim/tiles/75.tif
Data downloaded to /home/arogya/projects/afg-clustering/data/interim/tiles/60.tif
Generating URL ...
Data downloaded to /home/arogya/projects/afg-clustering/data/interim/tiles/128.tif
Data downloaded to /home/arogya/projects/afg-clustering/data/interim/tiles/113.tif
Data downloaded to /home/arogya/projects/afg-clustering/data/interim/tiles/101.tif
Data downloaded to /home/arogya/projects/afg-clustering/data/interim/tiles/32.tif
Downloading data from https://earthengine.googleapis.com/v1alpha/projects/earthengine-legacy/thumbnails/9f49e5f7bbe0bbb419bcbbe3475dfe6a-55d2205b285cfd094f7f3d8c199b1599:getPixels
Please wait ...
Data downloaded to /home/arogya/projects/afg-clustering/data/interim/tiles/19.tif
Data downloaded to /home/arogya/projects/afg-clustering/data/interim/tiles/46.tif
Generating URL ...
Generating URL ...
Generating URL ...
Downloading data from https://earthengine.googleapis.com/v1alpha/projects/earthengine-legacy/thumbnails/502b4417ce089e3176fd39aba02c28d7-62116801ee6460a366c40d89b3fa33eb:getPixels
Please wait ...
Generating URL ...
Downloading data from https://earthengine.googleapis.com/v1alpha/projects/earthengine-legacy/thumbnails/398c97c3db32141fbdb76b79c06f2ee1-6c65ddeb848e90ec1d90c390feaf27ef:getPixels
Please wait ...
Downloading data from https://earthengine.googleapis.com/v1alpha/projects/earthengine-legacy/thumbnails/b40d9a698b2a65915e40aacddde2f8dd-001f57fb8ad4329338e8a359673d1852:getPixels
Please wait ...
Generating URL ...
Downloading data from https://earthengine.googleapis.com/v1alpha/projects/earthengine-legacy/thumbnails/fd6e7959d2d5ef11bbb8690336f6197e-b21f7211876b67051d8335a4a6b86083:getPixels
Please wait ...
Data downloaded to /home/arogya/projects/afg-clustering/data/interim/tiles/88.tif
Generating URL ...
Downloading data from https://earthengine.googleapis.com/v1alpha/projects/earthengine-legacy/thumbnails/f028ec7a31b26d4cd56ea197c6d2ea3d-90a99f1d6f445b01a2a117d5ca0d97d5:getPixels
Please wait ...
Data downloaded to /home/arogya/projects/afg-clustering/data/interim/tiles/8.tif
Downloading data from https://earthengine.googleapis.com/v1alpha/projects/earthengine-legacy/thumbnails/8ed92dcbc5148ad52073e82e39938962-7ae62042969e25fbe2958f0b7836f364:getPixels
Please wait ...
Generating URL ...
Downloading data from https://earthengine.googleapis.com/v1alpha/projects/earthengine-legacy/thumbnails/fdbc823b149bb8efa6a44b41f2ee7c8a-b87f1990c3ce7e488211cdf9c4a2438e:getPixels
Please wait ...
Generating URL ...
Downloading data from https://earthengine.googleapis.com/v1alpha/projects/earthengine-legacy/thumbnails/2052101bf48d5d8198679dedf9cc42cb-9922ebfceab79eb721ed84c91f77da00:getPixels
Please wait ...
Data downloaded to /home/arogya/projects/afg-clustering/data/interim/tiles/61.tif
Generating URL ...
Generating URL ...
Data downloaded to /home/arogya/projects/afg-clustering/data/interim/tiles/76.tif
Data downloaded to /home/arogya/projects/afg-clustering/data/interim/tiles/114.tif
Downloading data from https://earthengine.googleapis.com/v1alpha/projects/earthengine-legacy/thumbnails/b63a6e638d82f0750666b627f84f86d3-2b061d27bebeb9999550da42c45a6b56:getPixels
Please wait ...
Downloading data from https://earthengine.googleapis.com/v1alpha/projects/earthengine-legacy/thumbnails/6c784ba136bace251a9212cc788357b4-0cf710f64e4d30195f960f12d8dc6679:getPixels
Please wait ...
Generating URL ...
Generating URL ...
Data downloaded to /home/arogya/projects/afg-clustering/data/interim/tiles/102.tif
Downloading data from https://earthengine.googleapis.com/v1alpha/projects/earthengine-legacy/thumbnails/ce6639685091f421cfe6b3e939899b7b-cf51ece03cd498a37efcab7fd1c0847d:getPixels
Please wait ...
Downloading data from https://earthengine.googleapis.com/v1alpha/projects/earthengine-legacy/thumbnails/3f6d0bc87b2da275368464f355b42308-858a091ccb92e5d7c163f7d1d74537c9:getPixels
Please wait ...
Generating URL ...
Data downloaded to /home/arogya/projects/afg-clustering/data/interim/tiles/47.tif
Data downloaded to /home/arogya/projects/afg-clustering/data/interim/tiles/33.tif
Data downloaded to /home/arogya/projects/afg-clustering/data/interim/tiles/62.tif
Data downloaded to /home/arogya/projects/afg-clustering/data/interim/tiles/20.tif
Data downloaded to /home/arogya/projects/afg-clustering/data/interim/tiles/129.tif
Data downloaded to /home/arogya/projects/afg-clustering/data/interim/tiles/9.tif
Generating URL ...
Generating URL ...
Downloading data from https://earthengine.googleapis.com/v1alpha/projects/earthengine-legacy/thumbnails/5d691189093556e08ba4a6667cb30abc-2ff088264e5398ca64bbc15671ef0d8e:getPixels
Please wait ...
Generating URL ...
Generating URL ...
Downloading data from https://earthengine.googleapis.com/v1alpha/projects/earthengine-legacy/thumbnails/7c3f51ae70b35da42c2048c9dbac5bd7-a98686974954ef43ea8b275e0746da2c:getPixels
Please wait ...
Downloading data from https://earthengine.googleapis.com/v1alpha/projects/earthengine-legacy/thumbnails/0ea0c5e829795946cb4d91b7b3c82c16-d75e071ca2e66b12dd5ec2275229d074:getPixels
Please wait ...
Generating URL ...
Downloading data from https://earthengine.googleapis.com/v1alpha/projects/earthengine-legacy/thumbnails/53d9110eb52958fd1c622c73cf0ac1b5-b45a19905f9fa66a439c7200ee58c094:getPixels
Please wait ...
Downloading data from https://earthengine.googleapis.com/v1alpha/projects/earthengine-legacy/thumbnails/bd3e11ef929466281233cbc41abfaed2-8fda57a0ca1c2e28556ea9226fa3d520:getPixels
Please wait ...
Generating URL ...
Downloading data from https://earthengine.googleapis.com/v1alpha/projects/earthengine-legacy/thumbnails/05b3fa1d51f6d863bdd84520b823181c-ee838a15b3c06a7a1c880e904f58ce35:getPixels
Please wait ...
Downloading data from https://earthengine.googleapis.com/v1alpha/projects/earthengine-legacy/thumbnails/2aadff1758a7c1738afc96737191e00d-2a74c621c1ec2a85ce56173fc81f169e:getPixels
Please wait ...
Data downloaded to /home/arogya/projects/afg-clustering/data/interim/tiles/77.tif
Data downloaded to /home/arogya/projects/afg-clustering/data/interim/tiles/115.tif
Generating URL ...
Data downloaded to /home/arogya/projects/afg-clustering/data/interim/tiles/89.tif
Data downloaded to /home/arogya/projects/afg-clustering/data/interim/tiles/130.tif
Data downloaded to /home/arogya/projects/afg-clustering/data/interim/tiles/63.tif
Downloading data from https://earthengine.googleapis.com/v1alpha/projects/earthengine-legacy/thumbnails/b371724a3254bbcff76528200452e91c-d138c9e60bae07dbdaff58ebe6c8f1ab:getPixels
Please wait ...
Data downloaded to /home/arogya/projects/afg-clustering/data/interim/tiles/48.tif
Data downloaded to /home/arogya/projects/afg-clustering/data/interim/tiles/103.tif
Data downloaded to /home/arogya/projects/afg-clustering/data/interim/tiles/21.tif
Data downloaded to /home/arogya/projects/afg-clustering/data/interim/tiles/34.tif
Generating URL ...
Generating URL ...
Generating URL ...
Generating URL ...
Downloading data from https://earthengine.googleapis.com/v1alpha/projects/earthengine-legacy/thumbnails/27b555a295fad7d48df91850ca9164b3-2fee294d0d05ab173d2af779972d0fce:getPixels
Please wait ...
Downloading data from https://earthengine.googleapis.com/v1alpha/projects/earthengine-legacy/thumbnails/4b55d29803a4e17732ae65f04b0e4a68-4ed67dc2b964125f703c96829b0ae570:getPixels
Please wait ...
Downloading data from https://earthengine.googleapis.com/v1alpha/projects/earthengine-legacy/thumbnails/77929930adde68fe6b3036864a96cbd9-835d30fedd46e85294d7b953bbe9f6e3:getPixels
Please wait ...
Generating URL ...
Data downloaded to /home/arogya/projects/afg-clustering/data/interim/tiles/10.tif
Generating URL ...
Downloading data from https://earthengine.googleapis.com/v1alpha/projects/earthengine-legacy/thumbnails/d5f7eac66594f42649fb9729921e4755-6dd71e345dfd89a9a27d386f8ad3766d:getPixels
Please wait ...
Generating URL ...
Generating URL ...
Downloading data from https://earthengine.googleapis.com/v1alpha/projects/earthengine-legacy/thumbnails/ad7d51318dd79cd9d82a3de69a0b3171-136ee98ac873d208c2a6fbe03cb182fa:getPixels
Please wait ...
Downloading data from https://earthengine.googleapis.com/v1alpha/projects/earthengine-legacy/thumbnails/f46564d148a4187520f8fe4b86df5e4a-08de1bf947c80debc4f7477ca0be7924:getPixels
Please wait ...
Downloading data from https://earthengine.googleapis.com/v1alpha/projects/earthengine-legacy/thumbnails/4aff1149a1d7c87de532c8078ecdd94c-c1adf569c248c71a9f1d2d4cff0e71d7:getPixels
Please wait ...
Generating URL ...
Downloading data from https://earthengine.googleapis.com/v1alpha/projects/earthengine-legacy/thumbnails/11d870895d4cfaca64c90cef65e40569-37676866f9d338df8200eb4d60900558:getPixels
Please wait ...
Downloading data from https://earthengine.googleapis.com/v1alpha/projects/earthengine-legacy/thumbnails/ab780193634efebb3692027c5a029d50-7138f7b974b7d4079da889148582e9bb:getPixels
Please wait ...
Data downloaded to /home/arogya/projects/afg-clustering/data/interim/tiles/49.tif
Generating URL ...
Downloading data from https://earthengine.googleapis.com/v1alpha/projects/earthengine-legacy/thumbnails/30acca399e2a8cc72bd631623df84adf-5f98f3822d0f5ef83e5662e5e8f16bc5:getPixels
Please wait ...
Data downloaded to /home/arogya/projects/afg-clustering/data/interim/tiles/64.tif
Data downloaded to /home/arogya/projects/afg-clustering/data/interim/tiles/78.tif
Data downloaded to /home/arogya/projects/afg-clustering/data/interim/tiles/131.tif
Data downloaded to /home/arogya/projects/afg-clustering/data/interim/tiles/50.tif
Generating URL ...
Generating URL ...
Data downloaded to /home/arogya/projects/afg-clustering/data/interim/tiles/104.tif
Downloading data from https://earthengine.googleapis.com/v1alpha/projects/earthengine-legacy/thumbnails/aff74c02378a13c24825939cb80d2f6d-cc129841df8f91f610c3e269b4428535:getPixels
Please wait ...
Downloading data from https://earthengine.googleapis.com/v1alpha/projects/earthengine-legacy/thumbnails/d96973b30633e4b560d44985381efa4c-e8962f2bba9793ce356e8566608ca3cd:getPixels
Please wait ...
Generating URL ...
Data downloaded to /home/arogya/projects/afg-clustering/data/interim/tiles/90.tif
Generating URL ...
Downloading data from https://earthengine.googleapis.com/v1alpha/projects/earthengine-legacy/thumbnails/62244fd8ac90ebb5a46db538a97d860e-ef1f45389678840e491960883197365b:getPixels
Please wait ...
Data downloaded to /home/arogya/projects/afg-clustering/data/interim/tiles/22.tif
Data downloaded to /home/arogya/projects/afg-clustering/data/interim/tiles/116.tif
Data downloaded to /home/arogya/projects/afg-clustering/data/interim/tiles/35.tif
Data downloaded to /home/arogya/projects/afg-clustering/data/interim/tiles/11.tif
Downloading data from https://earthengine.googleapis.com/v1alpha/projects/earthengine-legacy/thumbnails/b4977fddc349c8f551edd1da93995b43-87c01873bf01077ff35805ff701864fd:getPixels
Please wait ...
Data downloaded to /home/arogya/projects/afg-clustering/data/interim/tiles/132.tif
Generating URL ...
Generating URL ...
Generating URL ...
Downloading data from https://earthengine.googleapis.com/v1alpha/projects/earthengine-legacy/thumbnails/8be3cbc4efb4dd85135a166806b34bc6-3356b55fa7082938619486dc62a008c6:getPixels
Please wait ...
Generating URL ...
Downloading data from https://earthengine.googleapis.com/v1alpha/projects/earthengine-legacy/thumbnails/6880d5c9c53f43f158201ba3fcbbc88d-91b732b83e6852bd0d796bca2fef0485:getPixels
Please wait ...
Data downloaded to /home/arogya/projects/afg-clustering/data/interim/tiles/133.tif
Generating URL ...
Generating URL ...
Downloading data from https://earthengine.googleapis.com/v1alpha/projects/earthengine-legacy/thumbnails/8ce56879c0e580b80d07b45139f2005e-58277e4a9c351f9c2ced9a65e7048713:getPixels
Please wait ...
Downloading data from https://earthengine.googleapis.com/v1alpha/projects/earthengine-legacy/thumbnails/c9058dcb2133745c1885fedf678b825d-1ee0ad4cea919a007d49cfbc690d3e34:getPixels
Please wait ...
Downloading data from https://earthengine.googleapis.com/v1alpha/projects/earthengine-legacy/thumbnails/5f073bf0decf2bca57b9f66ab90ce725-5fa873306d2f3fe55847a20864bdb619:getPixels
Please wait ...
Downloading data from https://earthengine.googleapis.com/v1alpha/projects/earthengine-legacy/thumbnails/f88d550c6f92ac0ba0372682e6539fa5-56dc350b697928fc3e7e77eae9062c2e:getPixels
Please wait ...
Generating URL ...
Generating URL ...
Downloading data from https://earthengine.googleapis.com/v1alpha/projects/earthengine-legacy/thumbnails/6d361399d840c8bac11b51a1f5d69a72-d2226d01e048c7716474fb7b18347f47:getPixels
Please wait ...
Downloading data from https://earthengine.googleapis.com/v1alpha/projects/earthengine-legacy/thumbnails/d283bf2c03941e7fd71825b94679eb4a-59bc5755e20340a81b8a52557e2cb006:getPixels
Please wait ...
Data downloaded to /home/arogya/projects/afg-clustering/data/interim/tiles/65.tif
Data downloaded to /home/arogya/projects/afg-clustering/data/interim/tiles/134.tif
Data downloaded to /home/arogya/projects/afg-clustering/data/interim/tiles/51.tif
Data downloaded to /home/arogya/projects/afg-clustering/data/interim/tiles/79.tif
Generating URL ...
Downloading data from https://earthengine.googleapis.com/v1alpha/projects/earthengine-legacy/thumbnails/d6f04d45814815e1f92c77f0893f1b5d-8db32a81444f59b0660f78296e96a8f8:getPixels
Please wait ...
Generating URL ...
Generating URL ...
Data downloaded to /home/arogya/projects/afg-clustering/data/interim/tiles/23.tif
Downloading data from https://earthengine.googleapis.com/v1alpha/projects/earthengine-legacy/thumbnails/dbc7eeb72703a4f439b1531bc99137fd-ace38642a7fa6e06018678073bf92a84:getPixels
Please wait ...
Downloading data from https://earthengine.googleapis.com/v1alpha/projects/earthengine-legacy/thumbnails/3bcb2452beed6753ab239111cbe7896a-fdc2e239935d6ec4134f87af9800d0c3:getPixels
Please wait ...
Data downloaded to /home/arogya/projects/afg-clustering/data/interim/tiles/12.tif
Generating URL ...
Downloading data from https://earthengine.googleapis.com/v1alpha/projects/earthengine-legacy/thumbnails/87cbdfe777daa3047b6e0149b8eaa36c-c068fe70801d6f9973c849f8f3b796fa:getPixels
Please wait ...
Data downloaded to /home/arogya/projects/afg-clustering/data/interim/tiles/105.tif
Generating URL ...
Downloading data from https://earthengine.googleapis.com/v1alpha/projects/earthengine-legacy/thumbnails/7fc07371470a4ced1eb649509c3cef0f-3cf15621d62219c55f1e48dbd5811230:getPixels
Please wait ...
Data downloaded to /home/arogya/projects/afg-clustering/data/interim/tiles/13.tif
Data downloaded to /home/arogya/projects/afg-clustering/data/interim/tiles/36.tif
Data downloaded to /home/arogya/projects/afg-clustering/data/interim/tiles/117.tif
Data downloaded to /home/arogya/projects/afg-clustering/data/interim/tiles/24.tif
Data downloaded to /home/arogya/projects/afg-clustering/data/interim/tiles/91.tif
Generating URL ...
Generating URL ...
Generating URL ...
Downloading data from https://earthengine.googleapis.com/v1alpha/projects/earthengine-legacy/thumbnails/55416b2cdaa5bb5b624abb9dceae80ee-e5c415bafffd77fa1d1ce7a4243a5bc2:getPixels
Please wait ...
Downloading data from https://earthengine.googleapis.com/v1alpha/projects/earthengine-legacy/thumbnails/7cbefcacebaf730ab10b2e99ff7f4fd8-52bb5e0c3bde21b37c16b3690dd575f4:getPixels
Please wait ...
Generating URL ...
Generating URL ...
Downloading data from https://earthengine.googleapis.com/v1alpha/projects/earthengine-legacy/thumbnails/bea863d15aadcb7c9b574d32480e3a81-7845bd6228538a152e22ea39efc553d8:getPixels
Please wait ...
Downloading data from https://earthengine.googleapis.com/v1alpha/projects/earthengine-legacy/thumbnails/c812768e74529f59f774af0e402da4b2-1471d562fbcea210611c3e15d1095b3b:getPixels
Please wait ...
Downloading data from https://earthengine.googleapis.com/v1alpha/projects/earthengine-legacy/thumbnails/e78c444ff0d8c99595eb1f878d44e046-4b6b810198e9125a63b946d3af5b6b32:getPixels
Please wait ...
Data downloaded to /home/arogya/projects/afg-clustering/data/interim/tiles/52.tif
Generating URL ...
Data downloaded to /home/arogya/projects/afg-clustering/data/interim/tiles/66.tif
Downloading data from https://earthengine.googleapis.com/v1alpha/projects/earthengine-legacy/thumbnails/fb60a4b41e0a37403f129c608d5deb55-006506b0412eda340734abfad9584ca4:getPixels
Please wait ...
Generating URL ...
Downloading data from https://earthengine.googleapis.com/v1alpha/projects/earthengine-legacy/thumbnails/a71295191f291a6e6cb78310856df698-1e7b060cd1a467a805e3142435d3790a:getPixels
Please wait ...
Data downloaded to /home/arogya/projects/afg-clustering/data/interim/tiles/37.tif
Data downloaded to /home/arogya/projects/afg-clustering/data/interim/tiles/80.tif
Generating URL ...
Downloading data from https://earthengine.googleapis.com/v1alpha/projects/earthengine-legacy/thumbnails/01e10f16144e8ef8e66687b969bff0c3-89493c64041960c560fc1abb6881162c:getPixels
Please wait ...
Data downloaded to /home/arogya/projects/afg-clustering/data/interim/tiles/25.tif
Data downloaded to /home/arogya/projects/afg-clustering/data/interim/tiles/92.tif
Generating URL ...
Data downloaded to /home/arogya/projects/afg-clustering/data/interim/tiles/106.tif
Downloading data from https://earthengine.googleapis.com/v1alpha/projects/earthengine-legacy/thumbnails/8e6332be1e78c9b39d153f54fbd27d72-c0a1d21106db9a132e982e4bfd6c5800:getPixels
Please wait ...
Data downloaded to /home/arogya/projects/afg-clustering/data/interim/tiles/67.tif
Generating URL ...
Data downloaded to /home/arogya/projects/afg-clustering/data/interim/tiles/118.tif
Data downloaded to /home/arogya/projects/afg-clustering/data/interim/tiles/53.tif
Generating URL ...
Downloading data from https://earthengine.googleapis.com/v1alpha/projects/earthengine-legacy/thumbnails/edb7dc7e05f3c806a5f62b12c02ab287-92533f3b247573e69406d8a2831d2377:getPixels
Please wait ...
Generating URL ...
Downloading data from https://earthengine.googleapis.com/v1alpha/projects/earthengine-legacy/thumbnails/b15fe3d6d6953371924fb62e24a9a3b9-4fb087c33c7e08ce5f11cfad6757a45f:getPixels
Please wait ...
Generating URL ...
Generating URL ...
Downloading data from https://earthengine.googleapis.com/v1alpha/projects/earthengine-legacy/thumbnails/e5d43b7c42f22aa36d052eb86412a1db-71a68f490de8c0104b27d5f0e70d0e8e:getPixels
Please wait ...
Downloading data from https://earthengine.googleapis.com/v1alpha/projects/earthengine-legacy/thumbnails/bb09fb471fb9f74f21bd33825f3a296c-5927b0952a8d221b496ab646804eab7f:getPixels
Please wait ...
Downloading data from https://earthengine.googleapis.com/v1alpha/projects/earthengine-legacy/thumbnails/f687bd1f548dca95e302c817cb851219-6df0c7fcb6d0932fe8b9c35eaa083dba:getPixels
Please wait ...
Generating URL ...
Downloading data from https://earthengine.googleapis.com/v1alpha/projects/earthengine-legacy/thumbnails/f5de0a52b6e35de2fda51f7521eb4d17-8b5d6c85986abc73139024dcc32ef5f6:getPixels
Please wait ...
Data downloaded to /home/arogya/projects/afg-clustering/data/interim/tiles/119.tif
Generating URL ...
Downloading data from https://earthengine.googleapis.com/v1alpha/projects/earthengine-legacy/thumbnails/2ad473e3a5142e8c66dffeb3fc55a871-1ad5b7b57c61cdd12de7525309d9a413:getPixels
Please wait ...
Data downloaded to /home/arogya/projects/afg-clustering/data/interim/tiles/38.tif
Generating URL ...
Downloading data from https://earthengine.googleapis.com/v1alpha/projects/earthengine-legacy/thumbnails/df404ca8164ecf3b57f7d6de960194a4-7d75c46484e72e699896641c42b11a44:getPixels
Please wait ...
Data downloaded to /home/arogya/projects/afg-clustering/data/interim/tiles/26.tif
Generating URL ...
Downloading data from https://earthengine.googleapis.com/v1alpha/projects/earthengine-legacy/thumbnails/d3d913abbeea0ac37d6d8ff312486630-7b3d12251d23903e574b24aea59eccb6:getPixels
Please wait ...
Data downloaded to /home/arogya/projects/afg-clustering/data/interim/tiles/120.tif
Data downloaded to /home/arogya/projects/afg-clustering/data/interim/tiles/54.tif
Generating URL ...
Generating URL ...
Data downloaded to /home/arogya/projects/afg-clustering/data/interim/tiles/93.tif
Data downloaded to /home/arogya/projects/afg-clustering/data/interim/tiles/107.tif
Downloading data from https://earthengine.googleapis.com/v1alpha/projects/earthengine-legacy/thumbnails/f71186c010b23099fe6161429d08b774-f4d52e5d6f137e2fe4bc47a00b2d6bdc:getPixels
Please wait ...
Downloading data from https://earthengine.googleapis.com/v1alpha/projects/earthengine-legacy/thumbnails/b175bbdad0164e0b9c8d75b86c168cff-ff50923ec5b00109eb6572c1fb8ab6a9:getPixels
Please wait ...
Data downloaded to /home/arogya/projects/afg-clustering/data/interim/tiles/68.tif
Data downloaded to /home/arogya/projects/afg-clustering/data/interim/tiles/81.tif
Data downloaded to /home/arogya/projects/afg-clustering/data/interim/tiles/39.tif
Generating URL ...
Generating URL ...
Generating URL ...
Generating URL ...
Downloading data from https://earthengine.googleapis.com/v1alpha/projects/earthengine-legacy/thumbnails/bf098a99e5db80c187cef521651fd042-152333c19eea754736f320f17014a62e:getPixels
Please wait ...
Generating URL ...
Downloading data from https://earthengine.googleapis.com/v1alpha/projects/earthengine-legacy/thumbnails/a3480100eca0179d46f8960f881034a6-a95c3abd5e57df96f74bfa718f2ca2d6:getPixels
Please wait ...
Downloading data from https://earthengine.googleapis.com/v1alpha/projects/earthengine-legacy/thumbnails/a20f02717333f7b289a85789d4418a58-fb894b605bc49c7d49634850be6a5de5:getPixels
Please wait ...
Downloading data from https://earthengine.googleapis.com/v1alpha/projects/earthengine-legacy/thumbnails/38b029906d51d38278b31d06a3216bcd-517fa99581ce417ca7a462572488fc7a:getPixels
Please wait ...
Data downloaded to /home/arogya/projects/afg-clustering/data/interim/tiles/27.tif
Downloading data from https://earthengine.googleapis.com/v1alpha/projects/earthengine-legacy/thumbnails/493ec4aaf730ffda042532ed98dafe21-fdb59f5fe5ff443e84cbcfe1512fde49:getPixels
Please wait ...
Data downloaded to /home/arogya/projects/afg-clustering/data/interim/tiles/55.tif
Data downloaded to /home/arogya/projects/afg-clustering/data/interim/tiles/121.tif
Data downloaded to /home/arogya/projects/afg-clustering/data/interim/tiles/108.tif
Data downloaded to /home/arogya/projects/afg-clustering/data/interim/tiles/69.tif
Data downloaded to /home/arogya/projects/afg-clustering/data/interim/tiles/82.tif
Data downloaded to /home/arogya/projects/afg-clustering/data/interim/tiles/40.tif
Generating URL ...
Data downloaded to /home/arogya/projects/afg-clustering/data/interim/tiles/94.tif
Downloading data from https://earthengine.googleapis.com/v1alpha/projects/earthengine-legacy/thumbnails/737d828372ec95467362f5b1f60dd008-fe9291c040dcb5375fd5194a934ef485:getPixels
Please wait ...
Generating URL ...
Downloading data from https://earthengine.googleapis.com/v1alpha/projects/earthengine-legacy/thumbnails/4bcc2a1e0c9f5a09218a1240a424a15f-ae1a4c605df36726bf641ebe987d3921:getPixels
Please wait ...
Data downloaded to /home/arogya/projects/afg-clustering/data/interim/tiles/41.tif
Data downloaded to /home/arogya/projects/afg-clustering/data/interim/tiles/95.tif
#### Download Complete in 313.82122445106506  ####
