/home/arogya/.local/lib/python3.9/site-packages/geopandas/_compat.py:111: UserWarning: The Shapely GEOS version (3.10.2-CAPI-1.16.0) is incompatible with the GEOS version PyGEOS was compiled with (3.10.1-CAPI-1.16.0). Conversions between both will be slow.
  warnings.warn(
*** Earth Engine *** FINAL DEADLINE: ee.Authenticate will fail after 2022-06-06. Please upgrade. https://developers.google.com/earth-engine/guides/python_install
--- Generating grids...
--------- Generating grid at 2500mx2500m ...
--------- Grid generation complete. Saving to disk...
#################### Output Columns: Index(['FID', 'geometry'], dtype='object')
#################### Output Columns: Index(['pgrid_id', 'geometry', 'DISTID', 'OBJECTID', 'PROV_34_NA',
       'DIST_34_NA', 'PROVID', 'poppy_ha', 'ag_ha', 'poppy_perc', 'quantile',
       'rank'],
      dtype='object')
--------- Successfully saved to disk: ../data/interim/parent.gpkg
--------- Generating grid at 250mx250m ...
--------- Grid generation complete. Saving to disk...
#################### Output Columns: Index(['FID', 'geometry'], dtype='object')
#################### Output Columns: Index(['grid_id', 'geometry', 'DISTID', 'OBJECTID', 'PROV_34_NA', 'DIST_34_NA',
       'PROVID', 'poppy_ha', 'ag_ha', 'poppy_perc', 'quantile', 'rank'],
      dtype='object')
--------- Successfully saved to disk: ../data/interim/child.gpkg
--------- Generating grid at 25000mx25000m ...
--------- Grid generation complete. Saving to disk...
#################### Output Columns: Index(['FID', 'geometry'], dtype='object')
#################### Output Columns: Index(['pgrid_id', 'geometry', 'DISTID', 'OBJECTID', 'PROV_34_NA',
       'DIST_34_NA', 'PROVID', 'poppy_ha', 'ag_ha', 'poppy_perc', 'quantile',
       'rank'],
      dtype='object')
--------- Successfully saved to disk: ../data/interim/parent_best_dates.gpkg
--------- Generating grid at 10000mx10000m ...
--------- Grid generation complete. Saving to disk...
#################### Output Columns: Index(['FID', 'geometry'], dtype='object')
#################### Output Columns: Index(['pgrid_id', 'geometry', 'DISTID', 'OBJECTID', 'PROV_34_NA',
       'DIST_34_NA', 'PROVID', 'poppy_ha', 'ag_ha', 'poppy_perc', 'quantile',
       'rank'],
      dtype='object')
--------- Successfully saved to disk: ../data/interim/parent_10.gpkg
#### Grid Gen Complete in 4.52179741859436 ####
--- Backfilling dates..
Done with MODIS best date calculation.. - 0.1242072582244873 sec
Generating URL ...
Downloading data from https://earthengine.googleapis.com/v1alpha/projects/earthengine-legacy/thumbnails/a0c786c719e92dda62a8fad4264dab04-36e36aff0ba9e3adb1a8daf9591997dd:getPixels
Please wait ...
Data downloaded to /home/arogya/projects/afg-clustering/data/interim/modis/tiles/0.tif
Generating URL ...
Downloading data from https://earthengine.googleapis.com/v1alpha/projects/earthengine-legacy/thumbnails/1578f3339d9c5ce87bd9a02d5c29e430-6a5dc841f098b1177491f4cdea55803c:getPixels
Please wait ...
Data downloaded to /home/arogya/projects/afg-clustering/data/interim/modis/tiles/1.tif
Generating URL ...
Downloading data from https://earthengine.googleapis.com/v1alpha/projects/earthengine-legacy/thumbnails/2a570190ada8b1665e53d9918288398b-5c0ec08d12cd5b6afdf2d9f3cf1770c9:getPixels
Please wait ...
Data downloaded to /home/arogya/projects/afg-clustering/data/interim/modis/tiles/2.tif
Generating URL ...
Downloading data from https://earthengine.googleapis.com/v1alpha/projects/earthengine-legacy/thumbnails/c8f55eb196ba6883ca8f080488562f5e-91ccda02e2d265839079d29d7f5339f7:getPixels
Please wait ...
Data downloaded to /home/arogya/projects/afg-clustering/data/interim/modis/tiles/3.tif
['0.tif', '1.tif', '2.tif', '3.tif']
#### Missing 0 tiles, proceeding to merge..
0...10...20...30...40...50...60...70...80...90...100 - done.
0...10...20...30...40...50...60...70...80...90...100 - done.
Merged tiles.. - 4.02880859375 sec
Shell GDF created.. - 4.055153131484985 sec
0...10...20...30...40...50...60...70...80...90...Creating output ../data/interim/modis/shell.gpkg of format GPKG.
100 - done.
Polygonized shell.. - 180.66341352462769 sec
0...10...20...30...40...50...60...70...80...90...Creating output ../data/interim/modis/merged.gpkg of format GPKG.
100 - done.
Polygonized merged.. - 189.2331039905548 sec
Created Centroids.. - 199.11644101142883 sec
50336
Saved child GDF. Completed! - 207.51498436927795 sec
#### Backfill Complete in 207.65056800842285 ####
--- Downloading images.. | Post Period days - 30 to 45 days
[]
Ignoring 0 tiles as rasters for them are already generated; will only generate rasters for remaining 135 tiles
Generating URL ...
Generating URL ...
Generating URL ...
Generating URL ...
Downloading data from https://earthengine.googleapis.com/v1alpha/projects/earthengine-legacy/thumbnails/dc57599caa66357cc6e8827f1a563d36-7b3da2f3f7a1374f51222da5896d3a71:getPixels
Please wait ...
Downloading data from https://earthengine.googleapis.com/v1alpha/projects/earthengine-legacy/thumbnails/64e63c4f761dad8baada9feef12a03d7-382c81f6aecdf445b341a310a5ce9a5b:getPixels
Please wait ...
Downloading data from https://earthengine.googleapis.com/v1alpha/projects/earthengine-legacy/thumbnails/471e8c0902e74f2c07b77780e75b3759-21cdf217bd93484bc21766d1bc5ae990:getPixels
Please wait ...
Downloading data from https://earthengine.googleapis.com/v1alpha/projects/earthengine-legacy/thumbnails/bf905e5bf736958cb2da70c0fb95bf0f-a31faaa0808aa84385f1b02b593cecde:getPixels
Please wait ...
Generating URL ...
Generating URL ...
Generating URL ...
Downloading data from https://earthengine.googleapis.com/v1alpha/projects/earthengine-legacy/thumbnails/afbf112731df86d6b98b7b3a5eaf971f-5cb3e330167c3a674152029c78d6e1ce:getPixels
Please wait ...
Data downloaded to /home/arogya/projects/afg-clustering/data/interim/tiles/0.tif
An error occurred while downloading.
Downloading data from https://earthengine.googleapis.com/v1alpha/projects/earthengine-legacy/thumbnails/0187cbf78fd51bb2a105b01c12aa3d66-1ecd3f593d666246700685a27a795827:getPixels
Please wait ...
Downloading data from https://earthengine.googleapis.com/v1alpha/projects/earthengine-legacy/thumbnails/541696e138e90288b6e2b0b608dfc5ae-fc564e8cdd45645d78e81be6c20441de:getPixels
Please wait ...
Generating URL ...
Generating URL ...
An error occurred while downloading.
Generating URL ...
Downloading data from https://earthengine.googleapis.com/v1alpha/projects/earthengine-legacy/thumbnails/318877a61fac0a28022a0fa06f97cdc1-561b55c2f805d5e6d8f80d2de739914a:getPixels
Please wait ...
Generating URL ...
Downloading data from https://earthengine.googleapis.com/v1alpha/projects/earthengine-legacy/thumbnails/62d64f2171d412569d892761ae2558eb-8c92365e29927b0412d6f580971c26fe:getPixels
Please wait ...
Generating URL ...
Downloading data from https://earthengine.googleapis.com/v1alpha/projects/earthengine-legacy/thumbnails/c495b459d20e6ed502e4ab34df99c157-55c9f22a9398c66db0a11059ea32833e:getPixels
Please wait ...
Data downloaded to /home/arogya/projects/afg-clustering/data/interim/tiles/14.tif
Downloading data from https://earthengine.googleapis.com/v1alpha/projects/earthengine-legacy/thumbnails/fa236f26eea2fff770601913603a11ff-ab04f8849a01d762b8e27a0a3671f43b:getPixels
Please wait ...
Generating URL ...
Generating URL ...
Downloading data from https://earthengine.googleapis.com/v1alpha/projects/earthengine-legacy/thumbnails/e7a9c7deeda991a9654d112d6dc11708-828dfe63abc163d7333b2e64083e1944:getPixels
Please wait ...
Downloading data from https://earthengine.googleapis.com/v1alpha/projects/earthengine-legacy/thumbnails/dac8da1dfc78334501d05a511dffe8db-a669ab7a669433459386875cd2ed0408:getPixels
Please wait ...
Downloading data from https://earthengine.googleapis.com/v1alpha/projects/earthengine-legacy/thumbnails/bd77ef20d95251cd6b5e74d5ab2b860b-926929b91aa62852be17f7b18246847e:getPixels
Please wait ...
Data downloaded to /home/arogya/projects/afg-clustering/data/interim/tiles/1.tif
Data downloaded to /home/arogya/projects/afg-clustering/data/interim/tiles/109.tif
Generating URL ...
Generating URL ...
Downloading data from https://earthengine.googleapis.com/v1alpha/projects/earthengine-legacy/thumbnails/213bd9a009dc1459475255a39898095e-f8645d70a25fe5736352adac63531845:getPixels
Please wait ...
Downloading data from https://earthengine.googleapis.com/v1alpha/projects/earthengine-legacy/thumbnails/81a38bc5bec53bd166719502d0dd167c-9541af15e099a319f9c4e72cdd971da1:getPixels
Please wait ...
Data downloaded to /home/arogya/projects/afg-clustering/data/interim/tiles/123.tif
Data downloaded to /home/arogya/projects/afg-clustering/data/interim/tiles/15.tif
Data downloaded to /home/arogya/projects/afg-clustering/data/interim/tiles/28.tif
Data downloaded to /home/arogya/projects/afg-clustering/data/interim/tiles/83.tif
Data downloaded to /home/arogya/projects/afg-clustering/data/interim/tiles/56.tif
Generating URL ...
Generating URL ...
Downloading data from https://earthengine.googleapis.com/v1alpha/projects/earthengine-legacy/thumbnails/de53372d2eef8740a7f358ac2fa1e9d2-b630930de4f7a70ad2d834a68cfdb14b:getPixels
Please wait ...
Data downloaded to /home/arogya/projects/afg-clustering/data/interim/tiles/96.tif
Downloading data from https://earthengine.googleapis.com/v1alpha/projects/earthengine-legacy/thumbnails/1ffb649d901ea8f7984384ce3b6a0d44-e6d72cceba03af80b98a161cc30f91d5:getPixels
Please wait ...
Generating URL ...
Generating URL ...
Generating URL ...
Data downloaded to /home/arogya/projects/afg-clustering/data/interim/tiles/70.tif
Downloading data from https://earthengine.googleapis.com/v1alpha/projects/earthengine-legacy/thumbnails/eb8596c7131169be15feff9c03618218-130155e6e015f1efeb37e57fe938b1c7:getPixels
Please wait ...
Data downloaded to /home/arogya/projects/afg-clustering/data/interim/tiles/43.tif
Data downloaded to /home/arogya/projects/afg-clustering/data/interim/tiles/2.tif
Downloading data from https://earthengine.googleapis.com/v1alpha/projects/earthengine-legacy/thumbnails/2faa7e44e7a380e70b0a96f44e70a0a3-ef792e8ae65ba3f9367c08b0368e1755:getPixels
Please wait ...
Downloading data from https://earthengine.googleapis.com/v1alpha/projects/earthengine-legacy/thumbnails/5a7229d0fbba17549348e62c570f8488-419904e9eae18505f6fcae57d0ecc134:getPixels
Please wait ...
Generating URL ...
Generating URL ...
Generating URL ...
Downloading data from https://earthengine.googleapis.com/v1alpha/projects/earthengine-legacy/thumbnails/f379400d2c55abe47438ee6907be61af-9204753861c10279b18d2bcead42d419:getPixels
Please wait ...
Downloading data from https://earthengine.googleapis.com/v1alpha/projects/earthengine-legacy/thumbnails/d915e00c47703c4ca849467276d16f50-a8a17b347b006d17a80bf24237fc2776:getPixels
Please wait ...
Downloading data from https://earthengine.googleapis.com/v1alpha/projects/earthengine-legacy/thumbnails/8df8cd181b7e983c5f5c95ed9965052b-36d76262ae7981e3eea0017fa761075a:getPixels
Please wait ...
Generating URL ...
Data downloaded to /home/arogya/projects/afg-clustering/data/interim/tiles/110.tif
Downloading data from https://earthengine.googleapis.com/v1alpha/projects/earthengine-legacy/thumbnails/99b5b09f66a5d91c92388b24e1507df0-dfc2d40bb8cecd8db534f55c23e6169f:getPixels
Please wait ...
Data downloaded to /home/arogya/projects/afg-clustering/data/interim/tiles/124.tif
Data downloaded to /home/arogya/projects/afg-clustering/data/interim/tiles/16.tif
Generating URL ...
Generating URL ...
Data downloaded to /home/arogya/projects/afg-clustering/data/interim/tiles/29.tif
Downloading data from https://earthengine.googleapis.com/v1alpha/projects/earthengine-legacy/thumbnails/51087c9f623e1245c92acdc42d4d4455-37dbd4d7f4f237bd4a7a298cb2c798bb:getPixels
Please wait ...
Downloading data from https://earthengine.googleapis.com/v1alpha/projects/earthengine-legacy/thumbnails/3ed93b2cdfc95e4ee0e5cdcf7aea3b90-4fe7e362081f370b734a35ebb8d05dcd:getPixels
Please wait ...
Data downloaded to /home/arogya/projects/afg-clustering/data/interim/tiles/84.tif
Data downloaded to /home/arogya/projects/afg-clustering/data/interim/tiles/97.tif
Data downloaded to /home/arogya/projects/afg-clustering/data/interim/tiles/57.tif
Data downloaded to /home/arogya/projects/afg-clustering/data/interim/tiles/3.tif
Generating URL ...
Generating URL ...
Generating URL ...
Downloading data from https://earthengine.googleapis.com/v1alpha/projects/earthengine-legacy/thumbnails/15637dc33beb30c3d197f695d0a4359b-272e40d12d43fbd80f0681a5612f2616:getPixels
Please wait ...
Downloading data from https://earthengine.googleapis.com/v1alpha/projects/earthengine-legacy/thumbnails/ffeb7ef8a5d6d82e28546d27401acb39-2088ce4801ea70c2d4cf95bbee7ef627:getPixels
Please wait ...
Downloading data from https://earthengine.googleapis.com/v1alpha/projects/earthengine-legacy/thumbnails/6b7ef2120c83128f16d4b5b7320b2eac-f2567865a239ea2cca246d4ae424283b:getPixels
Please wait ...
Generating URL ...
Generating URL ...
Downloading data from https://earthengine.googleapis.com/v1alpha/projects/earthengine-legacy/thumbnails/a81862871fcf8c66b732dcd550b1bb32-52ebc04b29c100eb46e3641bb1fbe2b9:getPixels
Please wait ...
Data downloaded to /home/arogya/projects/afg-clustering/data/interim/tiles/44.tif
Downloading data from https://earthengine.googleapis.com/v1alpha/projects/earthengine-legacy/thumbnails/f082a231c49fdf4cbe2c92d08915310d-b2f3fdca1226e09c394b09c51a67f576:getPixels
Please wait ...
Generating URL ...
Downloading data from https://earthengine.googleapis.com/v1alpha/projects/earthengine-legacy/thumbnails/346d6eeeea074d86339a22a4fb6670f0-a4623a4664b27af340fb6784cc1b2baa:getPixels
Please wait ...
Data downloaded to /home/arogya/projects/afg-clustering/data/interim/tiles/71.tif
Generating URL ...
Generating URL ...
Downloading data from https://earthengine.googleapis.com/v1alpha/projects/earthengine-legacy/thumbnails/0547a046faefdb3dcfbe308626623446-cacd494d9f00535f58d6b80e2bbc70b5:getPixels
Please wait ...
Downloading data from https://earthengine.googleapis.com/v1alpha/projects/earthengine-legacy/thumbnails/b519b27f469a14dc30895ad5cdf72af0-907d500aef24ab3389d5a90bb38020e5:getPixels
Please wait ...
Data downloaded to /home/arogya/projects/afg-clustering/data/interim/tiles/17.tif
Data downloaded to /home/arogya/projects/afg-clustering/data/interim/tiles/111.tif
Data downloaded to /home/arogya/projects/afg-clustering/data/interim/tiles/125.tif
Generating URL ...
Downloading data from https://earthengine.googleapis.com/v1alpha/projects/earthengine-legacy/thumbnails/fb5d96f4302e1bb99aae450dcd66777a-0791b4d94591b6cf6e8d94eda00af97b:getPixels
Please wait ...
An error occurred while downloading.
Data downloaded to /home/arogya/projects/afg-clustering/data/interim/tiles/4.tif
Generating URL ...
Data downloaded to /home/arogya/projects/afg-clustering/data/interim/tiles/98.tif
Data downloaded to /home/arogya/projects/afg-clustering/data/interim/tiles/85.tif
Data downloaded to /home/arogya/projects/afg-clustering/data/interim/tiles/30.tif
Downloading data from https://earthengine.googleapis.com/v1alpha/projects/earthengine-legacy/thumbnails/3028ebd5f375a94188ad4ea811bdff49-169f95f0626c6a23fef8d5b7a99cbddb:getPixels
Please wait ...
Generating URL ...
Generating URL ...
Downloading data from https://earthengine.googleapis.com/v1alpha/projects/earthengine-legacy/thumbnails/4d6c4a5d624823e737c69d7afd83d882-cc22e7a3f5a2308b92b6872b80f497bf:getPixels
Please wait ...
Data downloaded to /home/arogya/projects/afg-clustering/data/interim/tiles/58.tif
Data downloaded to /home/arogya/projects/afg-clustering/data/interim/tiles/5.tif
Data downloaded to /home/arogya/projects/afg-clustering/data/interim/tiles/45.tif
Generating URL ...
Downloading data from https://earthengine.googleapis.com/v1alpha/projects/earthengine-legacy/thumbnails/2bc2d3aad6ff1583691d65a6b875dbb7-ce64376a5a85dbfbe1d0c831f3ed74a3:getPixels
Please wait ...
Generating URL ...
Data downloaded to /home/arogya/projects/afg-clustering/data/interim/tiles/72.tif
Downloading data from https://earthengine.googleapis.com/v1alpha/projects/earthengine-legacy/thumbnails/cbf297cb4d25033d31ae0a5c8bc9cd46-c00b938b3ff6fc31ca9b8c3e8be37535:getPixels
Please wait ...
Generating URL ...
Downloading data from https://earthengine.googleapis.com/v1alpha/projects/earthengine-legacy/thumbnails/fedc054807402289bc6a8163df576f9d-231d3edd1bb5bfb1c37847b1ecc4f327:getPixels
Please wait ...
Generating URL ...
Data downloaded to /home/arogya/projects/afg-clustering/data/interim/tiles/127.tif
Generating URL ...
Generating URL ...
Downloading data from https://earthengine.googleapis.com/v1alpha/projects/earthengine-legacy/thumbnails/401c0c377071f0d0cb1d072f74862a62-1c9fd996739f0d698ab1eb03ad4b7fdb:getPixels
Please wait ...
Downloading data from https://earthengine.googleapis.com/v1alpha/projects/earthengine-legacy/thumbnails/c2112595eacdb6579444f7698dc33645-4cbda38a4f51bb086e829dd179735692:getPixels
Please wait ...
Downloading data from https://earthengine.googleapis.com/v1alpha/projects/earthengine-legacy/thumbnails/3a3a8d81f1d48cd3ab60d7e64d46a173-cbacc4b9bb875768dcbd1b0f26548c55:getPixels
Please wait ...
Downloading data from https://earthengine.googleapis.com/v1alpha/projects/earthengine-legacy/thumbnails/45563db7978952fddcbfc85410ea8b9f-f174ab3c01490833aead3be835ac8ff8:getPixels
Please wait ...
Generating URL ...
Generating URL ...
Downloading data from https://earthengine.googleapis.com/v1alpha/projects/earthengine-legacy/thumbnails/63351a014c974d15837f11cbfb202fb4-015845eaa2d54e278d6c5a8ff79d4522:getPixels
Please wait ...
Downloading data from https://earthengine.googleapis.com/v1alpha/projects/earthengine-legacy/thumbnails/780f1538efd7e0965cb365f42a0b18bd-8b92568ec0425a7c2061d8f5ea29723f:getPixels
Please wait ...
Generating URL ...
Data downloaded to /home/arogya/projects/afg-clustering/data/interim/tiles/112.tif
Data downloaded to /home/arogya/projects/afg-clustering/data/interim/tiles/99.tif
Downloading data from https://earthengine.googleapis.com/v1alpha/projects/earthengine-legacy/thumbnails/bf395e483b1f0a59a5297ae1c1467dab-101dc7659e2a7de622b8219b3c8400b9:getPixels
Please wait ...
Data downloaded to /home/arogya/projects/afg-clustering/data/interim/tiles/86.tif
Data downloaded to /home/arogya/projects/afg-clustering/data/interim/tiles/6.tif
Data downloaded to /home/arogya/projects/afg-clustering/data/interim/tiles/128.tif
Data downloaded to /home/arogya/projects/afg-clustering/data/interim/tiles/18.tif
Generating URL ...
Generating URL ...
Generating URL ...
Downloading data from https://earthengine.googleapis.com/v1alpha/projects/earthengine-legacy/thumbnails/0f4a73ad302c70d3deadff9e81e62957-aaff122505f99fd547502ec33c9c1abe:getPixels
Please wait ...
Generating URL ...
Downloading data from https://earthengine.googleapis.com/v1alpha/projects/earthengine-legacy/thumbnails/dbce4b17b639b9c601d14f24ef08df38-5986f9f0122dbd505f6ac858cca466fc:getPixels
Please wait ...
Downloading data from https://earthengine.googleapis.com/v1alpha/projects/earthengine-legacy/thumbnails/12be71c66e3c3a93f04a94c8d71cc352-c4a7a1f8f85c9d13c1b48ab14615fddc:getPixels
Please wait ...
Downloading data from https://earthengine.googleapis.com/v1alpha/projects/earthengine-legacy/thumbnails/9db15e86fc940f7a1c2f0fbfaea370ad-53b19a362babeeccc9c9333c043bb847:getPixels
Please wait ...
Data downloaded to /home/arogya/projects/afg-clustering/data/interim/tiles/59.tif
Data downloaded to /home/arogya/projects/afg-clustering/data/interim/tiles/31.tif
Data downloaded to /home/arogya/projects/afg-clustering/data/interim/tiles/73.tif
Generating URL ...
Generating URL ...
Downloading data from https://earthengine.googleapis.com/v1alpha/projects/earthengine-legacy/thumbnails/351992affb7a554ad7ff7b63fa2e9041-a53b8f7c49a4cfa3db54ce3151811504:getPixels
Please wait ...
Generating URL ...
Downloading data from https://earthengine.googleapis.com/v1alpha/projects/earthengine-legacy/thumbnails/5723ee29a7cb316ad00c5b733a02019e-9464ada91f4c3af71125fda430f1f5ca:getPixels
Please wait ...
Downloading data from https://earthengine.googleapis.com/v1alpha/projects/earthengine-legacy/thumbnails/c863a339855806bccc13dfac47c5835c-b98c6db351841259c5fd3cb63237a004:getPixels
Please wait ...
Generating URL ...
Data downloaded to /home/arogya/projects/afg-clustering/data/interim/tiles/46.tif
Data downloaded to /home/arogya/projects/afg-clustering/data/interim/tiles/87.tif
Generating URL ...
Downloading data from https://earthengine.googleapis.com/v1alpha/projects/earthengine-legacy/thumbnails/4ad26507dc6a88dbe067e7cc82805bf4-2544057b85fab1d2b3cf4e9ba4a43024:getPixels
Please wait ...
Downloading data from https://earthengine.googleapis.com/v1alpha/projects/earthengine-legacy/thumbnails/9e8152749d109f78c6ebcbefc2c41fb5-bec29bfc785936db407860c49fa3a029:getPixels
Please wait ...
Data downloaded to /home/arogya/projects/afg-clustering/data/interim/tiles/7.tif
Data downloaded to /home/arogya/projects/afg-clustering/data/interim/tiles/113.tif
Data downloaded to /home/arogya/projects/afg-clustering/data/interim/tiles/100.tif
Generating URL ...
Generating URL ...
Downloading data from https://earthengine.googleapis.com/v1alpha/projects/earthengine-legacy/thumbnails/fc07adcc01684cc7bb954e2727391fa3-07235512ff7b8f7f84d5527d64055e18:getPixels
Please wait ...
Generating URL ...
Generating URL ...
Downloading data from https://earthengine.googleapis.com/v1alpha/projects/earthengine-legacy/thumbnails/c0b08a9dd76704ff0057f920e226f926-ae4d81d4980d025e3bb0a3529d1ea1fb:getPixels
Please wait ...
Data downloaded to /home/arogya/projects/afg-clustering/data/interim/tiles/74.tif
Downloading data from https://earthengine.googleapis.com/v1alpha/projects/earthengine-legacy/thumbnails/d1da39c5ef6548729fc7ee097cbe5726-ea6da2daa4a1f214acdb5ae799f9b468:getPixels
Please wait ...
Generating URL ...
Downloading data from https://earthengine.googleapis.com/v1alpha/projects/earthengine-legacy/thumbnails/499b8cfde06e8c9c8efebf31a7d50929-1674162625cb2ef5bccafa10c91fa014:getPixels
Please wait ...
Data downloaded to /home/arogya/projects/afg-clustering/data/interim/tiles/129.tif
Generating URL ...
Downloading data from https://earthengine.googleapis.com/v1alpha/projects/earthengine-legacy/thumbnails/45c41f354333c9fac2c2d207a492ae48-6016f3f654202fbe04185eb0a1604d91:getPixels
Please wait ...
Data downloaded to /home/arogya/projects/afg-clustering/data/interim/tiles/19.tif
Generating URL ...
Downloading data from https://earthengine.googleapis.com/v1alpha/projects/earthengine-legacy/thumbnails/964ea7ba1fb3b28a2f7a40dbae831c28-07db16e95e8aae7b59ab9c9901996370:getPixels
Please wait ...
Downloading data from https://earthengine.googleapis.com/v1alpha/projects/earthengine-legacy/thumbnails/fe3d29a035ef62ba8619f8e990b03573-0137d99c3a8c656f68292029ca9e071a:getPixels
Please wait ...
Data downloaded to /home/arogya/projects/afg-clustering/data/interim/tiles/60.tif
Data downloaded to /home/arogya/projects/afg-clustering/data/interim/tiles/32.tif
Data downloaded to /home/arogya/projects/afg-clustering/data/interim/tiles/8.tif
Data downloaded to /home/arogya/projects/afg-clustering/data/interim/tiles/114.tif
Generating URL ...
Generating URL ...
Generating URL ...
Downloading data from https://earthengine.googleapis.com/v1alpha/projects/earthengine-legacy/thumbnails/b7b9789f60e1838bf896e1d78da307cc-51910e73e3d795a2299d03f3cc71b250:getPixels
Please wait ...
Generating URL ...
Generating URL ...
Downloading data from https://earthengine.googleapis.com/v1alpha/projects/earthengine-legacy/thumbnails/41316c3f160e73ca64f257c7af0e33cd-6035b1fe3c5016f8f4d28d329f386347:getPixels
Please wait ...
Downloading data from https://earthengine.googleapis.com/v1alpha/projects/earthengine-legacy/thumbnails/8533c4c63d182820d8a9c22f35cf9ca8-3a5a2b0fbb0163de16bbabaad93566ee:getPixels
Please wait ...
Downloading data from https://earthengine.googleapis.com/v1alpha/projects/earthengine-legacy/thumbnails/e9b723872c44c825249471413b673d21-f5763f875ed2b6461dc6be7968b2dd82:getPixels
Please wait ...
Downloading data from https://earthengine.googleapis.com/v1alpha/projects/earthengine-legacy/thumbnails/cfe6049717e2be82f11a72927ae1962e-0d535aef53e0d34d0d11fa551581ce50:getPixels
Please wait ...
Data downloaded to /home/arogya/projects/afg-clustering/data/interim/tiles/88.tif
Data downloaded to /home/arogya/projects/afg-clustering/data/interim/tiles/47.tif
Data downloaded to /home/arogya/projects/afg-clustering/data/interim/tiles/130.tif
Data downloaded to /home/arogya/projects/afg-clustering/data/interim/tiles/101.tif
Generating URL ...
Generating URL ...
Downloading data from https://earthengine.googleapis.com/v1alpha/projects/earthengine-legacy/thumbnails/888e5fb880123cf51136a9ad874bdf25-87f867df92470ab41768306e15d4710a:getPixels
Please wait ...
Downloading data from https://earthengine.googleapis.com/v1alpha/projects/earthengine-legacy/thumbnails/1c0b45229ddf32aa100a439fdaf5f94e-35323b2b2e5da86eec5d6c7b2d1bdc7f:getPixels
Please wait ...
Data downloaded to /home/arogya/projects/afg-clustering/data/interim/tiles/75.tif
Generating URL ...
Generating URL ...
Downloading data from https://earthengine.googleapis.com/v1alpha/projects/earthengine-legacy/thumbnails/fbfc2753048f189e893b6688bebb0d44-9ab7b379eac8723d3f19511caae5f95a:getPixels
Please wait ...
Data downloaded to /home/arogya/projects/afg-clustering/data/interim/tiles/61.tif
Data downloaded to /home/arogya/projects/afg-clustering/data/interim/tiles/9.tif
Downloading data from https://earthengine.googleapis.com/v1alpha/projects/earthengine-legacy/thumbnails/2401c7c3986cedefff72da74481deecd-6599d950c358044d950e34cfec209189:getPixels
Please wait ...
Data downloaded to /home/arogya/projects/afg-clustering/data/interim/tiles/33.tif
Generating URL ...
Generating URL ...
Downloading data from https://earthengine.googleapis.com/v1alpha/projects/earthengine-legacy/thumbnails/7b3cccabe3c71ddc647e7ea82c6284ae-2294d02ab4d08b3c5374a5f336f01ac2:getPixels
Please wait ...
Data downloaded to /home/arogya/projects/afg-clustering/data/interim/tiles/115.tif
Downloading data from https://earthengine.googleapis.com/v1alpha/projects/earthengine-legacy/thumbnails/df52c10ede5e1bc9b032bfd17eef122c-c128ff099ba868df832a11ae071d386c:getPixels
Please wait ...
Data downloaded to /home/arogya/projects/afg-clustering/data/interim/tiles/62.tif
Data downloaded to /home/arogya/projects/afg-clustering/data/interim/tiles/20.tif
Generating URL ...
Downloading data from https://earthengine.googleapis.com/v1alpha/projects/earthengine-legacy/thumbnails/9c73bb6cfbf85e08c146dbc8d9288622-25eca1c713ca22cc6b343ce7c3974d11:getPixels
Please wait ...
Data downloaded to /home/arogya/projects/afg-clustering/data/interim/tiles/131.tif
Data downloaded to /home/arogya/projects/afg-clustering/data/interim/tiles/89.tif
Generating URL ...
Data downloaded to /home/arogya/projects/afg-clustering/data/interim/tiles/48.tif
Generating URL ...
Generating URL ...
Generating URL ...
Downloading data from https://earthengine.googleapis.com/v1alpha/projects/earthengine-legacy/thumbnails/ca44655e03d5dc97ca9d57afaf362bb4-0d0e31749a94a7e114bde4f9d21be3a3:getPixels
Please wait ...
Downloading data from https://earthengine.googleapis.com/v1alpha/projects/earthengine-legacy/thumbnails/c243b4a79dbab2229ba237a62c39ff18-5543cbee52ae0f0ec23222e8cffe2363:getPixels
Please wait ...
Downloading data from https://earthengine.googleapis.com/v1alpha/projects/earthengine-legacy/thumbnails/66260dfb1571bfee54157fa517d019f2-374df0c8ca98ff872e0a2d8cf8298b7b:getPixels
Please wait ...
Downloading data from https://earthengine.googleapis.com/v1alpha/projects/earthengine-legacy/thumbnails/cd3cdcfbd441a4b4c52d64b96b4d9a1d-d3aad87dcab8f6e64af7964b7f5d83b8:getPixels
Please wait ...
Generating URL ...
Generating URL ...
Downloading data from https://earthengine.googleapis.com/v1alpha/projects/earthengine-legacy/thumbnails/0c3c94693f17bab79945f0fa03b406e6-1e4babbd000588725b2a2f21c8c68eb0:getPixels
Please wait ...
Data downloaded to /home/arogya/projects/afg-clustering/data/interim/tiles/102.tif
Generating URL ...
Data downloaded to /home/arogya/projects/afg-clustering/data/interim/tiles/49.tif
Data downloaded to /home/arogya/projects/afg-clustering/data/interim/tiles/76.tif
Data downloaded to /home/arogya/projects/afg-clustering/data/interim/tiles/132.tif
Downloading data from https://earthengine.googleapis.com/v1alpha/projects/earthengine-legacy/thumbnails/a8dfa93cf418b14808d9a8dd05b78a1f-546bf6b0b55f21459b5f1cbb6b38c7e0:getPixels
Please wait ...
Generating URL ...
Downloading data from https://earthengine.googleapis.com/v1alpha/projects/earthengine-legacy/thumbnails/991932f4b6a98b3160e05f23e0339ab4-bf99365395bd01e1bcea96f56aa11cdb:getPixels
Please wait ...
Generating URL ...
Downloading data from https://earthengine.googleapis.com/v1alpha/projects/earthengine-legacy/thumbnails/5dd522d0908c7bd4e63a58065a7e479e-ecf4342059067fb0ea076907303d3263:getPixels
Please wait ...
Generating URL ...
Data downloaded to /home/arogya/projects/afg-clustering/data/interim/tiles/21.tif
Downloading data from https://earthengine.googleapis.com/v1alpha/projects/earthengine-legacy/thumbnails/f6c762fcd4b9ce3952fb6fb567922fe4-7763c56951c2749b7772c7dc0e9af07b:getPixels
Please wait ...
Generating URL ...
Data downloaded to /home/arogya/projects/afg-clustering/data/interim/tiles/63.tif
Downloading data from https://earthengine.googleapis.com/v1alpha/projects/earthengine-legacy/thumbnails/a5d7d1ae94708ca83c2d53500775556e-3f114a40dc06a8fb6cfb096f4e68d190:getPixels
Please wait ...
Data downloaded to /home/arogya/projects/afg-clustering/data/interim/tiles/10.tif
Data downloaded to /home/arogya/projects/afg-clustering/data/interim/tiles/34.tif
Generating URL ...
Downloading data from https://earthengine.googleapis.com/v1alpha/projects/earthengine-legacy/thumbnails/8e061877659d5a785cdba7f68e891b25-8015c9ac74b93141229fc00f66cedffd:getPixels
Please wait ...
Generating URL ...
Downloading data from https://earthengine.googleapis.com/v1alpha/projects/earthengine-legacy/thumbnails/e3c8bcab4334b0bded9f0ea41d0aa206-8de290f1bbbab9087f0ceca3e4354072:getPixels
Please wait ...
Data downloaded to /home/arogya/projects/afg-clustering/data/interim/tiles/116.tif
Data downloaded to /home/arogya/projects/afg-clustering/data/interim/tiles/103.tif
Data downloaded to /home/arogya/projects/afg-clustering/data/interim/tiles/133.tif
Data downloaded to /home/arogya/projects/afg-clustering/data/interim/tiles/77.tif
Downloading data from https://earthengine.googleapis.com/v1alpha/projects/earthengine-legacy/thumbnails/b5ffb9eaf26c436449ddfddbcafa0ad3-36d18925b852536e0fa677dca135a399:getPixels
Please wait ...
Generating URL ...
Generating URL ...
Downloading data from https://earthengine.googleapis.com/v1alpha/projects/earthengine-legacy/thumbnails/9d468e698378c3a3f77e8bc61d29fe0b-cbbdd8f3e8121589f9dd23ccc947e789:getPixels
Please wait ...
Generating URL ...
Downloading data from https://earthengine.googleapis.com/v1alpha/projects/earthengine-legacy/thumbnails/d6bcc369c64fbbe4aec725223ddd5779-33cd33eeffe21b244ae5dbc26297976b:getPixels
Please wait ...
Downloading data from https://earthengine.googleapis.com/v1alpha/projects/earthengine-legacy/thumbnails/f17e734d8b0f3d05e3881ae1c6e37b66-50149e3832143d46a810f219f2f91d6c:getPixels
Please wait ...
Generating URL ...
Downloading data from https://earthengine.googleapis.com/v1alpha/projects/earthengine-legacy/thumbnails/7139e4ffd1ad4f51549230795b0ed94c-81c2338709b12666e422ebf5b7afbb69:getPixels
Please wait ...
Generating URL ...
Data downloaded to /home/arogya/projects/afg-clustering/data/interim/tiles/90.tif
Data downloaded to /home/arogya/projects/afg-clustering/data/interim/tiles/50.tif
Downloading data from https://earthengine.googleapis.com/v1alpha/projects/earthengine-legacy/thumbnails/46fb7af2ba20b9ba03b56ba2aa86ba50-9b4992b127d2b927357e4a70f371fc1c:getPixels
Please wait ...
Data downloaded to /home/arogya/projects/afg-clustering/data/interim/tiles/134.tif
Data downloaded to /home/arogya/projects/afg-clustering/data/interim/tiles/22.tif
Generating URL ...
Generating URL ...
Generating URL ...
Downloading data from https://earthengine.googleapis.com/v1alpha/projects/earthengine-legacy/thumbnails/ecfbcf270a841bd8c7a39b659ceca5fa-692780fc3986acd38f03ef873bf79924:getPixels
Please wait ...
Downloading data from https://earthengine.googleapis.com/v1alpha/projects/earthengine-legacy/thumbnails/599388923fe95ef7d80305987b9dad33-d3e644f16631932ab0220e6691154023:getPixels
Please wait ...
Downloading data from https://earthengine.googleapis.com/v1alpha/projects/earthengine-legacy/thumbnails/17bcf84aecbb8063015e9d6b55a2b0da-dc21f96f61be546e58c8304932550736:getPixels
Please wait ...
Data downloaded to /home/arogya/projects/afg-clustering/data/interim/tiles/64.tif
Generating URL ...
Downloading data from https://earthengine.googleapis.com/v1alpha/projects/earthengine-legacy/thumbnails/7c1ced7e4eb18f028b723b60e8926607-b859b1d152d4891773f17ecd9a4173db:getPixels
Please wait ...
Data downloaded to /home/arogya/projects/afg-clustering/data/interim/tiles/104.tif
Data downloaded to /home/arogya/projects/afg-clustering/data/interim/tiles/35.tif
Data downloaded to /home/arogya/projects/afg-clustering/data/interim/tiles/11.tif
Data downloaded to /home/arogya/projects/afg-clustering/data/interim/tiles/78.tif
Generating URL ...
Generating URL ...
Generating URL ...
Generating URL ...
Downloading data from https://earthengine.googleapis.com/v1alpha/projects/earthengine-legacy/thumbnails/cc3ca898cc700e51665eacc7b592739c-80c335760302422f1e1ceedd404c6c23:getPixels
Please wait ...
Downloading data from https://earthengine.googleapis.com/v1alpha/projects/earthengine-legacy/thumbnails/0cf2cf42b7e0948574d03f56de5dc5db-d68b50efa18207ea78723a0e26b9372b:getPixels
Please wait ...
Downloading data from https://earthengine.googleapis.com/v1alpha/projects/earthengine-legacy/thumbnails/e00ff595e6d1e88f44c41c1c30a07eca-3951ba10754cb656174faddceca7357f:getPixels
Please wait ...
Downloading data from https://earthengine.googleapis.com/v1alpha/projects/earthengine-legacy/thumbnails/0ad6a6e94de890316fc5350f42011f9a-236376ff49f1975b0cfea18a47bd12ea:getPixels
Please wait ...
Data downloaded to /home/arogya/projects/afg-clustering/data/interim/tiles/23.tif
Data downloaded to /home/arogya/projects/afg-clustering/data/interim/tiles/91.tif
Data downloaded to /home/arogya/projects/afg-clustering/data/interim/tiles/51.tif
Data downloaded to /home/arogya/projects/afg-clustering/data/interim/tiles/65.tif
Generating URL ...
Downloading data from https://earthengine.googleapis.com/v1alpha/projects/earthengine-legacy/thumbnails/96dcb49e006c155fc81831447abbe29f-0b779979fc58f48c4910f00393e74bae:getPixels
Please wait ...
Data downloaded to /home/arogya/projects/afg-clustering/data/interim/tiles/12.tif
Generating URL ...
Generating URL ...
Downloading data from https://earthengine.googleapis.com/v1alpha/projects/earthengine-legacy/thumbnails/015b63834cbd4a160c153b7bdc3fcd64-7e4dc12c08c8df1c4cdd493e8808e1cb:getPixels
Please wait ...
Generating URL ...
Generating URL ...
Downloading data from https://earthengine.googleapis.com/v1alpha/projects/earthengine-legacy/thumbnails/01f4478a9269ede7416050e4c677493d-bec16d4ae384718b277daca257f51fbd:getPixels
Please wait ...
Downloading data from https://earthengine.googleapis.com/v1alpha/projects/earthengine-legacy/thumbnails/c59043f5aaa43963738aa7b2a2f2b233-859fa38906c23e6122443a3e3857df8d:getPixels
Please wait ...
Data downloaded to /home/arogya/projects/afg-clustering/data/interim/tiles/79.tif
Data downloaded to /home/arogya/projects/afg-clustering/data/interim/tiles/117.tif
Data downloaded to /home/arogya/projects/afg-clustering/data/interim/tiles/105.tif
Data downloaded to /home/arogya/projects/afg-clustering/data/interim/tiles/24.tif
Downloading data from https://earthengine.googleapis.com/v1alpha/projects/earthengine-legacy/thumbnails/fb54c93816a9b58cb7066489710834f7-1675ab6f10c4cda13d2491a34a97202f:getPixels
Please wait ...
Data downloaded to /home/arogya/projects/afg-clustering/data/interim/tiles/36.tif
Generating URL ...
Generating URL ...
Downloading data from https://earthengine.googleapis.com/v1alpha/projects/earthengine-legacy/thumbnails/eb594ab3d5103248033e7c5f97502afa-c50b2d6ec0c9e309196c91aca38f8e20:getPixels
Please wait ...
Generating URL ...
Downloading data from https://earthengine.googleapis.com/v1alpha/projects/earthengine-legacy/thumbnails/e6f74b8bc9dd4ac2aedafa6a75726ec0-af30078b2c9ec1989c1f3f1b3a116383:getPixels
Please wait ...
Generating URL ...
Downloading data from https://earthengine.googleapis.com/v1alpha/projects/earthengine-legacy/thumbnails/9ff367504e2800d6c6db7dcb207e4ec4-7656f6ea7afd467833559bb11ddc8b19:getPixels
Please wait ...
Generating URL ...
Downloading data from https://earthengine.googleapis.com/v1alpha/projects/earthengine-legacy/thumbnails/a52881a60231037b0391139a378a7b85-8e298cb5cb44383987e7ab16e0f0a0a9:getPixels
Please wait ...
Generating URL ...
Downloading data from https://earthengine.googleapis.com/v1alpha/projects/earthengine-legacy/thumbnails/689ef421e3d30ddf258a9fa8d8f1f932-fa075c1f9ed6b8900cb615fa83991015:getPixels
Please wait ...
Downloading data from https://earthengine.googleapis.com/v1alpha/projects/earthengine-legacy/thumbnails/59f5834c835202bc8d1f331f59cdc797-39ed520ca3b3114988b4767af22165bf:getPixels
Please wait ...
Data downloaded to /home/arogya/projects/afg-clustering/data/interim/tiles/13.tif
Data downloaded to /home/arogya/projects/afg-clustering/data/interim/tiles/52.tif
Data downloaded to /home/arogya/projects/afg-clustering/data/interim/tiles/37.tif
Data downloaded to /home/arogya/projects/afg-clustering/data/interim/tiles/66.tif
Generating URL ...
Data downloaded to /home/arogya/projects/afg-clustering/data/interim/tiles/25.tif
Downloading data from https://earthengine.googleapis.com/v1alpha/projects/earthengine-legacy/thumbnails/5a496cfcb20e60d9236990321db435c8-4237ab43c1b54cab9c97a26a6da7a42f:getPixels
Please wait ...
Generating URL ...
Data downloaded to /home/arogya/projects/afg-clustering/data/interim/tiles/106.tif
Data downloaded to /home/arogya/projects/afg-clustering/data/interim/tiles/80.tif
Data downloaded to /home/arogya/projects/afg-clustering/data/interim/tiles/118.tif
Data downloaded to /home/arogya/projects/afg-clustering/data/interim/tiles/92.tif
Generating URL ...
Downloading data from https://earthengine.googleapis.com/v1alpha/projects/earthengine-legacy/thumbnails/a2bc9bcc14a1e3536cd5d470a6329f20-ce51925c4a8b8f15d9ef51ab62a42133:getPixels
Please wait ...
Generating URL ...
Downloading data from https://earthengine.googleapis.com/v1alpha/projects/earthengine-legacy/thumbnails/5c886a92da62a7d343e5ca5ece40face-9e50359745c66d88b01947d38b4e3fcd:getPixels
Please wait ...
Downloading data from https://earthengine.googleapis.com/v1alpha/projects/earthengine-legacy/thumbnails/2f76817302f06acd5fdca2a5ae8ea372-16ad4e4322b208f10d9e05f5a10edc2a:getPixels
Please wait ...
Data downloaded to /home/arogya/projects/afg-clustering/data/interim/tiles/119.tif
Generating URL ...
Downloading data from https://earthengine.googleapis.com/v1alpha/projects/earthengine-legacy/thumbnails/764ff1533d1f9d0bd54507459523d796-bea14bafe7322ca873e59ff3ce0b41a6:getPixels
Please wait ...
Generating URL ...
Downloading data from https://earthengine.googleapis.com/v1alpha/projects/earthengine-legacy/thumbnails/790968518b3f24dda194015bcfbd9804-fefeb18afa1652d278727108f8811fd3:getPixels
Please wait ...
Generating URL ...
Downloading data from https://earthengine.googleapis.com/v1alpha/projects/earthengine-legacy/thumbnails/da03c5fa329a7622bcf171bd49f09920-614548ca6ff0f7bbfcefd5a59d574382:getPixels
Please wait ...
Generating URL ...
Generating URL ...
Downloading data from https://earthengine.googleapis.com/v1alpha/projects/earthengine-legacy/thumbnails/6216bac8c049890e82ffb5369aa3a1a6-428b6e9d046943c282e09262236b576c:getPixels
Please wait ...
Data downloaded to /home/arogya/projects/afg-clustering/data/interim/tiles/67.tif
Downloading data from https://earthengine.googleapis.com/v1alpha/projects/earthengine-legacy/thumbnails/90228e235a9de647caa0da6dd0963037-cbeef62cd28e9c20185c2497188b7b67:getPixels
Please wait ...
Generating URL ...
Data downloaded to /home/arogya/projects/afg-clustering/data/interim/tiles/53.tif
Downloading data from https://earthengine.googleapis.com/v1alpha/projects/earthengine-legacy/thumbnails/47bbee85cbc1fea1a6523c6343d35154-21ad7515194b2eabe85abbe7c08b0780:getPixels
Please wait ...
Generating URL ...
Downloading data from https://earthengine.googleapis.com/v1alpha/projects/earthengine-legacy/thumbnails/ebdfcb3d37dce9940ef63e390e7f7bac-fca8ee1bc59a63e177046de70fa63944:getPixels
Please wait ...
Data downloaded to /home/arogya/projects/afg-clustering/data/interim/tiles/120.tif
Data downloaded to /home/arogya/projects/afg-clustering/data/interim/tiles/38.tif
Generating URL ...
Generating URL ...
Downloading data from https://earthengine.googleapis.com/v1alpha/projects/earthengine-legacy/thumbnails/acf9634a976ab7ad0c44364c1f382ee0-16f36b765f77217dd1bd3d80a157c24f:getPixels
Please wait ...
Downloading data from https://earthengine.googleapis.com/v1alpha/projects/earthengine-legacy/thumbnails/a9516ea8b4f6fd227686ca9e6f3c7d5e-4349befc37540129eb9aef145dc4b7e4:getPixels
Please wait ...
Data downloaded to /home/arogya/projects/afg-clustering/data/interim/tiles/107.tif
Data downloaded to /home/arogya/projects/afg-clustering/data/interim/tiles/81.tif
Data downloaded to /home/arogya/projects/afg-clustering/data/interim/tiles/93.tif
Data downloaded to /home/arogya/projects/afg-clustering/data/interim/tiles/68.tif
Data downloaded to /home/arogya/projects/afg-clustering/data/interim/tiles/26.tif
Generating URL ...
Downloading data from https://earthengine.googleapis.com/v1alpha/projects/earthengine-legacy/thumbnails/48ad3150495bb1dd114187d2498bf704-5a5ce374e7a4a3b07336ca1628fff9b8:getPixels
Please wait ...
Data downloaded to /home/arogya/projects/afg-clustering/data/interim/tiles/54.tif
Data downloaded to /home/arogya/projects/afg-clustering/data/interim/tiles/39.tif
Generating URL ...
Data downloaded to /home/arogya/projects/afg-clustering/data/interim/tiles/121.tif
Downloading data from https://earthengine.googleapis.com/v1alpha/projects/earthengine-legacy/thumbnails/5f90fe7b8417e761b62a97c54a06e007-06e8d94ddfb2fb2c06f51ddc886f47fd:getPixels
Please wait ...
Generating URL ...
Generating URL ...
Generating URL ...
Downloading data from https://earthengine.googleapis.com/v1alpha/projects/earthengine-legacy/thumbnails/9291d6c67565389d7c829a40c384cec1-d6b2f992163296592385ec2a4ec30422:getPixels
Please wait ...
Downloading data from https://earthengine.googleapis.com/v1alpha/projects/earthengine-legacy/thumbnails/61e48a89f87751d4f422a757886cc057-128025bcfdf45432f377398117bf1f32:getPixels
Please wait ...
Generating URL ...
Downloading data from https://earthengine.googleapis.com/v1alpha/projects/earthengine-legacy/thumbnails/351c27dd257bb8d1e9cde06f6e564158-5f17c6dafc1175f1221ffd39424db01f:getPixels
Please wait ...
Generating URL ...
Downloading data from https://earthengine.googleapis.com/v1alpha/projects/earthengine-legacy/thumbnails/c1f382daf37d2af33605c8d0744ead3c-599088559fb83aa60e899ca749b1d04e:getPixels
Please wait ...
Downloading data from https://earthengine.googleapis.com/v1alpha/projects/earthengine-legacy/thumbnails/7fd1921afffb6f1ac48bc0bcdc0c52bf-c6283a2ceea4e1f1820923354303730f:getPixels
Please wait ...
Data downloaded to /home/arogya/projects/afg-clustering/data/interim/tiles/108.tif
Data downloaded to /home/arogya/projects/afg-clustering/data/interim/tiles/82.tif
Data downloaded to /home/arogya/projects/afg-clustering/data/interim/tiles/27.tif
Data downloaded to /home/arogya/projects/afg-clustering/data/interim/tiles/55.tif
Data downloaded to /home/arogya/projects/afg-clustering/data/interim/tiles/40.tif
Data downloaded to /home/arogya/projects/afg-clustering/data/interim/tiles/69.tif
Generating URL ...
Downloading data from https://earthengine.googleapis.com/v1alpha/projects/earthengine-legacy/thumbnails/f3c8f92eb809ce2a34e14d8dd92511e6-5f005f6126d6ae12b0bcd5d4eac381d6:getPixels
Please wait ...
Data downloaded to /home/arogya/projects/afg-clustering/data/interim/tiles/94.tif
Generating URL ...
Data downloaded to /home/arogya/projects/afg-clustering/data/interim/tiles/41.tif
Downloading data from https://earthengine.googleapis.com/v1alpha/projects/earthengine-legacy/thumbnails/c066953cc7802cc729e6d59fb792a50f-a16d5cb843c379c066a350cebc7fb3ec:getPixels
Please wait ...
Data downloaded to /home/arogya/projects/afg-clustering/data/interim/tiles/95.tif
#### Download Complete in 361.14319252967834  ####
