/home/arogya/.local/lib/python3.9/site-packages/geopandas/_compat.py:111: UserWarning: The Shapely GEOS version (3.10.2-CAPI-1.16.0) is incompatible with the GEOS version PyGEOS was compiled with (3.10.1-CAPI-1.16.0). Conversions between both will be slow.
  warnings.warn(
*** Earth Engine *** FINAL DEADLINE: ee.Authenticate will fail after 2022-06-06. Please upgrade. https://developers.google.com/earth-engine/guides/python_install
--- Generating grids...
--------- Generating grid at 2500mx2500m ...
--------- Grid generation complete. Saving to disk...
#################### Output Columns: Index(['FID', 'geometry'], dtype='object')
#################### Output Columns: Index(['pgrid_id', 'geometry'], dtype='object')
--------- Successfully saved to disk: ../data/interim/parent.gpkg
--------- Generating grid at 250mx250m ...
--------- Grid generation complete. Saving to disk...
#################### Output Columns: Index(['FID', 'geometry'], dtype='object')
#################### Output Columns: Index(['grid_id', 'geometry'], dtype='object')
--------- Successfully saved to disk: ../data/interim/child.gpkg
--------- Generating grid at 25000mx25000m ...
--------- Grid generation complete. Saving to disk...
#################### Output Columns: Index(['FID', 'geometry'], dtype='object')
#################### Output Columns: Index(['pgrid_id', 'geometry'], dtype='object')
--------- Successfully saved to disk: ../data/interim/parent_best_dates.gpkg
--------- Generating grid at 10000mx10000m ...
--------- Grid generation complete. Saving to disk...
#################### Output Columns: Index(['FID', 'geometry'], dtype='object')
#################### Output Columns: Index(['pgrid_id', 'geometry'], dtype='object')
--------- Successfully saved to disk: ../data/interim/parent_10.gpkg
#### Grid Gen Complete in 1.5106053352355957 ####
--- Backfilling dates..
Done with MODIS best date calculation.. - 0.2938344478607178 sec
Generating URL ...
Downloading data from https://earthengine.googleapis.com/v1alpha/projects/earthengine-legacy/thumbnails/98d57ad4de9abda477b8b4971d274f24-a2bac030fa706243335ac8a71d1dfe65:getPixels
Please wait ...
Data downloaded to /home/arogya/projects/afg-clustering/data/interim/modis/tiles/0.tif
['0.tif']
#### Missing 0 tiles, proceeding to merge..
0...10...20...30...40...50...60...70...80...90...100 - done.
0...10...20...30...40...50...60...70...80...90...100 - done.
Merged tiles.. - 3.8548855781555176 sec
Shell GDF created.. - 3.879180431365967 sec
0...10...20...30...40...50...60...70...80...90...Creating output ../data/interim/modis/shell.gpkg of format GPKG.
100 - done.
Polygonized shell.. - 49.88783311843872 sec
0...10...20...30...40...50...60...70...80...90...Creating output ../data/interim/modis/merged.gpkg of format GPKG.
100 - done.
Polygonized merged.. - 53.31587195396423 sec
Created Centroids.. - 55.65608763694763 sec
13038
Saved child GDF. Completed! - 58.249910831451416 sec
#### Backfill Complete in 58.28520679473877 ####
--- Downloading images.. | Post Period days - 30 to 45 days
[]
Ignoring 0 tiles as rasters for them are already generated; will only generate rasters for remaining 48 tiles
Generating URL ...
Downloading data from https://earthengine.googleapis.com/v1alpha/projects/earthengine-legacy/thumbnails/f7444c34e44dd03af30dac65bdd10131-b2551199f4df897d497bf1a45bd5da6d:getPixels
Please wait ...
Generating URL ...
Generating URL ...
Generating URL ...
Downloading data from https://earthengine.googleapis.com/v1alpha/projects/earthengine-legacy/thumbnails/773f80482645507e4d838e7ea93e83c9-ad0a10d6869f876ef9a232e193b951aa:getPixels
Please wait ...
Downloading data from https://earthengine.googleapis.com/v1alpha/projects/earthengine-legacy/thumbnails/2ea0b33ddc851cbbd35bbae3eaa26180-78a5cafd6fa6a9bba2381a23fdaf4388:getPixels
Please wait ...
Generating URL ...
Generating URL ...
Generating URL ...
Downloading data from https://earthengine.googleapis.com/v1alpha/projects/earthengine-legacy/thumbnails/2808976db1e0e46453f1c68de52dfab6-62bd628f4841eae6a387f3ab7b223d18:getPixels
Please wait ...
Downloading data from https://earthengine.googleapis.com/v1alpha/projects/earthengine-legacy/thumbnails/26e0c4c2fb6f5e3f68a16adbb5939b63-3de1d647923eca884a98f73885d23df7:getPixels
Please wait ...
Downloading data from https://earthengine.googleapis.com/v1alpha/projects/earthengine-legacy/thumbnails/2e581aa77379052e4fdbb6a72e7d2e7a-7b90babae558edd776fa8dc1ce5b02fd:getPixels
Please wait ...
Generating URL ...
Downloading data from https://earthengine.googleapis.com/v1alpha/projects/earthengine-legacy/thumbnails/2d2d029d6c08cd4b9d95671c37e5e5df-5a1971cfe0bf4943ba30a8ece5a2d815:getPixels
Please wait ...
Generating URL ...
Downloading data from https://earthengine.googleapis.com/v1alpha/projects/earthengine-legacy/thumbnails/82020caf3d198a685cfc4179c275d6d7-49d4bb2baf5fda423f65ab729248ced8:getPixels
Please wait ...
Downloading data from https://earthengine.googleapis.com/v1alpha/projects/earthengine-legacy/thumbnails/0046876b91cfcfca8d8b7112984c8134-07a21ad7ad2a874514eb0166f0b245ec:getPixels
Please wait ...
Generating URL ...
Downloading data from https://earthengine.googleapis.com/v1alpha/projects/earthengine-legacy/thumbnails/b32c79119b426122dddbe100a5480a8d-e3d3b24e3b44802217c642eab06f501b:getPixels
Please wait ...
Data downloaded to /home/arogya/projects/afg-clustering/data/interim/tiles/15.tif
Data downloaded to /home/arogya/projects/afg-clustering/data/interim/tiles/44.tif
Data downloaded to /home/arogya/projects/afg-clustering/data/interim/tiles/40.tif
Data downloaded to /home/arogya/projects/afg-clustering/data/interim/tiles/0.tif
Generating URL ...
Data downloaded to /home/arogya/projects/afg-clustering/data/interim/tiles/10.tif
Generating URL ...
Generating URL ...
Downloading data from https://earthengine.googleapis.com/v1alpha/projects/earthengine-legacy/thumbnails/5c96e8bea526ec8da72ef49bfb97e0b9-fc0e83feaf49c84835a4e857ffaf385d:getPixels
Please wait ...
Generating URL ...
Downloading data from https://earthengine.googleapis.com/v1alpha/projects/earthengine-legacy/thumbnails/cb4a197336cbc477daa9759465d57120-94d8c54aa7e218b0b386564040ea9f06:getPixels
Please wait ...
Downloading data from https://earthengine.googleapis.com/v1alpha/projects/earthengine-legacy/thumbnails/122b972027514567bf67715b60c49c74-b09b6027a057ddd662fa3774fb380a77:getPixels
Please wait ...
Generating URL ...
Downloading data from https://earthengine.googleapis.com/v1alpha/projects/earthengine-legacy/thumbnails/72c05d74f31bb946c863c8e9309dbe3a-747645ca4c5d851f23f8a54a04b68a9b:getPixels
Please wait ...
Downloading data from https://earthengine.googleapis.com/v1alpha/projects/earthengine-legacy/thumbnails/9b1d439ef88dc1e1f83ca8383288d6f2-78ce0940867df61f35d7d33caffa56f7:getPixels
Please wait ...
Data downloaded to /home/arogya/projects/afg-clustering/data/interim/tiles/5.tif
Data downloaded to /home/arogya/projects/afg-clustering/data/interim/tiles/20.tif
Data downloaded to /home/arogya/projects/afg-clustering/data/interim/tiles/25.tif
Data downloaded to /home/arogya/projects/afg-clustering/data/interim/tiles/30.tif
Generating URL ...
Generating URL ...
Generating URL ...
Generating URL ...
Downloading data from https://earthengine.googleapis.com/v1alpha/projects/earthengine-legacy/thumbnails/75b09bc4b7eb2645f4ec45b589ef1a71-58889dba490b63c78fe97da08322df0e:getPixels
Please wait ...
Downloading data from https://earthengine.googleapis.com/v1alpha/projects/earthengine-legacy/thumbnails/4ed5f5bd386af83d1ac67437cda86fb7-f00f37d5a57e6a9d7cd41a2387151167:getPixels
Please wait ...
Downloading data from https://earthengine.googleapis.com/v1alpha/projects/earthengine-legacy/thumbnails/06bdc5fcdc8adc60f3f4ff2400728571-f74e1757116e2b3142f2457160f06c07:getPixels
Please wait ...
Downloading data from https://earthengine.googleapis.com/v1alpha/projects/earthengine-legacy/thumbnails/a81b166423096a9622b316d9acb1f856-e703650b1312af353b2a5a27d82088a6:getPixels
Please wait ...
Data downloaded to /home/arogya/projects/afg-clustering/data/interim/tiles/35.tif
Generating URL ...
Data downloaded to /home/arogya/projects/afg-clustering/data/interim/tiles/45.tif
Downloading data from https://earthengine.googleapis.com/v1alpha/projects/earthengine-legacy/thumbnails/cda82283360f8d58377c479607e4bb4c-1abf443d76947d221c516d164999f5a0:getPixels
Please wait ...
Data downloaded to /home/arogya/projects/afg-clustering/data/interim/tiles/41.tif
Generating URL ...
Downloading data from https://earthengine.googleapis.com/v1alpha/projects/earthengine-legacy/thumbnails/1ee27c56f5ad65083a4a3ac836ed81aa-9f5a3ef026862165f9b314cf7bb945f7:getPixels
Please wait ...
Generating URL ...
Downloading data from https://earthengine.googleapis.com/v1alpha/projects/earthengine-legacy/thumbnails/6d91c2347116369e41e7a1d62dce9067-4b7885e36361bde509d485d3203171dd:getPixels
Please wait ...
Data downloaded to /home/arogya/projects/afg-clustering/data/interim/tiles/31.tif
Data downloaded to /home/arogya/projects/afg-clustering/data/interim/tiles/1.tif
Data downloaded to /home/arogya/projects/afg-clustering/data/interim/tiles/16.tif
Data downloaded to /home/arogya/projects/afg-clustering/data/interim/tiles/46.tif
Generating URL ...
Downloading data from https://earthengine.googleapis.com/v1alpha/projects/earthengine-legacy/thumbnails/14a12b1850a1fa3126a954377c74fdf2-67f95dbe12027621b191657121f2d38f:getPixels
Please wait ...
Generating URL ...
Generating URL ...
Data downloaded to /home/arogya/projects/afg-clustering/data/interim/tiles/11.tif
Downloading data from https://earthengine.googleapis.com/v1alpha/projects/earthengine-legacy/thumbnails/179b31cbe534b10d285b09124d8d878d-730c5baf3ead1e7110724fb6ad93f28d:getPixels
Please wait ...
Downloading data from https://earthengine.googleapis.com/v1alpha/projects/earthengine-legacy/thumbnails/bdfa3e0a64e4201c280c1153f4b08a9d-38fc7e38ec357989a65fc581719f6495:getPixels
Please wait ...
Generating URL ...
Downloading data from https://earthengine.googleapis.com/v1alpha/projects/earthengine-legacy/thumbnails/7ce932c75b0e954665eaa6efda0252b0-d389ba4338d16b98d8bb545ce90de2a5:getPixels
Please wait ...
Generating URL ...
Data downloaded to /home/arogya/projects/afg-clustering/data/interim/tiles/26.tif
Downloading data from https://earthengine.googleapis.com/v1alpha/projects/earthengine-legacy/thumbnails/6482a05c76f759f12f4b7e93f3a96c5e-e09d821d1d77a4f6ea3d2a501b1e7abb:getPixels
Please wait ...
Generating URL ...
Data downloaded to /home/arogya/projects/afg-clustering/data/interim/tiles/42.tif
Data downloaded to /home/arogya/projects/afg-clustering/data/interim/tiles/21.tif
Data downloaded to /home/arogya/projects/afg-clustering/data/interim/tiles/6.tif
Downloading data from https://earthengine.googleapis.com/v1alpha/projects/earthengine-legacy/thumbnails/a0b5d541ee590cfcb4d6592df666bdb3-71a750b1509b94ddb1071784955a2d33:getPixels
Please wait ...
Generating URL ...
Generating URL ...
Generating URL ...
Downloading data from https://earthengine.googleapis.com/v1alpha/projects/earthengine-legacy/thumbnails/b3338b70815445b972b6cca47675f11d-2a19303a3c414cebd6c5ccbabc9a9824:getPixels
Please wait ...
Downloading data from https://earthengine.googleapis.com/v1alpha/projects/earthengine-legacy/thumbnails/3580cde5966b3d69f810029b8480a1f1-a1d3813f4064c591b4fd784339f252bc:getPixels
Please wait ...
Downloading data from https://earthengine.googleapis.com/v1alpha/projects/earthengine-legacy/thumbnails/9b214c8f0bce67807fe5bbd25e0c6e91-ab1b898174824f047501bd0e967d96f0:getPixels
Please wait ...
Data downloaded to /home/arogya/projects/afg-clustering/data/interim/tiles/47.tif
Data downloaded to /home/arogya/projects/afg-clustering/data/interim/tiles/36.tif
Data downloaded to /home/arogya/projects/afg-clustering/data/interim/tiles/7.tif
Generating URL ...
Downloading data from https://earthengine.googleapis.com/v1alpha/projects/earthengine-legacy/thumbnails/b9787a852e04aa60928436a41eaeb0a5-0f9396b0f663667d10901b508a20e686:getPixels
Please wait ...
Data downloaded to /home/arogya/projects/afg-clustering/data/interim/tiles/2.tif
Data downloaded to /home/arogya/projects/afg-clustering/data/interim/tiles/43.tif
Data downloaded to /home/arogya/projects/afg-clustering/data/interim/tiles/32.tif
Generating URL ...
Generating URL ...
Downloading data from https://earthengine.googleapis.com/v1alpha/projects/earthengine-legacy/thumbnails/81774aba1db41f22f73888d64eea8300-d46f7684c5017060809a2d52cb198404:getPixels
Please wait ...
Downloading data from https://earthengine.googleapis.com/v1alpha/projects/earthengine-legacy/thumbnails/c0c2639f10cbedc7d63add9ce7b8e8a6-d5961d12ae59ce68c2f3ae94b62e8556:getPixels
Please wait ...
Generating URL ...
Data downloaded to /home/arogya/projects/afg-clustering/data/interim/tiles/17.tif
Downloading data from https://earthengine.googleapis.com/v1alpha/projects/earthengine-legacy/thumbnails/1e31b48de4d767564d8465e4fa72d908-dafd0b5ad7ec9a1c6c9afbb384f47aff:getPixels
Please wait ...
Generating URL ...
Data downloaded to /home/arogya/projects/afg-clustering/data/interim/tiles/12.tif
Downloading data from https://earthengine.googleapis.com/v1alpha/projects/earthengine-legacy/thumbnails/1e219811f6e1374a02e06aac8fc11c80-316d61fb384ac3cb529223daa0e0d611:getPixels
Please wait ...
Generating URL ...
Data downloaded to /home/arogya/projects/afg-clustering/data/interim/tiles/22.tif
Downloading data from https://earthengine.googleapis.com/v1alpha/projects/earthengine-legacy/thumbnails/a7169d4d1d9f83f8d7655fc170d1381a-5525a25336e995dfa8348fc92364e3de:getPixels
Please wait ...
Generating URL ...
Downloading data from https://earthengine.googleapis.com/v1alpha/projects/earthengine-legacy/thumbnails/1d1ffbbf0d327b90f73c71540196a201-749309b22f41f0f672f1d16fb526e35c:getPixels
Please wait ...
Data downloaded to /home/arogya/projects/afg-clustering/data/interim/tiles/23.tif
Data downloaded to /home/arogya/projects/afg-clustering/data/interim/tiles/8.tif
Data downloaded to /home/arogya/projects/afg-clustering/data/interim/tiles/3.tif
Data downloaded to /home/arogya/projects/afg-clustering/data/interim/tiles/27.tif
Generating URL ...
Generating URL ...
Generating URL ...
Downloading data from https://earthengine.googleapis.com/v1alpha/projects/earthengine-legacy/thumbnails/ac491da8e70aef644d0b185c10aa249d-ecd18a27e9687cf0aa8188a867594c2d:getPixels
Please wait ...
Downloading data from https://earthengine.googleapis.com/v1alpha/projects/earthengine-legacy/thumbnails/26af2478410613166cc650586868c96b-61d4abda428b6be80fb0476882d5c760:getPixels
Please wait ...
Downloading data from https://earthengine.googleapis.com/v1alpha/projects/earthengine-legacy/thumbnails/5937ae83574f22881bc31dda24c34b68-f190d814d415c385686fc822b1903880:getPixels
Please wait ...
Generating URL ...
Data downloaded to /home/arogya/projects/afg-clustering/data/interim/tiles/37.tif
Downloading data from https://earthengine.googleapis.com/v1alpha/projects/earthengine-legacy/thumbnails/f1efd89e8cd2c5c92637d3ea2a41c33c-ae70849c79a0c3252454d4b3ec1f04c4:getPixels
Please wait ...
Data downloaded to /home/arogya/projects/afg-clustering/data/interim/tiles/33.tif
Generating URL ...
Downloading data from https://earthengine.googleapis.com/v1alpha/projects/earthengine-legacy/thumbnails/8a875e2b7e7057a99d554d69c230b127-296bdbc81d14e8955106c9de91f0aa40:getPixels
Please wait ...
Data downloaded to /home/arogya/projects/afg-clustering/data/interim/tiles/13.tif
Generating URL ...
Generating URL ...
Data downloaded to /home/arogya/projects/afg-clustering/data/interim/tiles/18.tif
Downloading data from https://earthengine.googleapis.com/v1alpha/projects/earthengine-legacy/thumbnails/f520cdddb35d308dbc7ed7e0b516bec0-b8242de2ba9d00c11fe5cc3dde7f8f3a:getPixels
Please wait ...
Downloading data from https://earthengine.googleapis.com/v1alpha/projects/earthengine-legacy/thumbnails/b69e334985aa7e4e3eefde8833c1f391-3f825a2770a7e67f1ba2b4a180038557:getPixels
Please wait ...
Generating URL ...
Downloading data from https://earthengine.googleapis.com/v1alpha/projects/earthengine-legacy/thumbnails/a2e4c07e5363ddb3b8b3fa134f29db54-36329c05ed6abde5142fb49045a5a08d:getPixels
Please wait ...
Data downloaded to /home/arogya/projects/afg-clustering/data/interim/tiles/4.tif
Data downloaded to /home/arogya/projects/afg-clustering/data/interim/tiles/9.tif
Data downloaded to /home/arogya/projects/afg-clustering/data/interim/tiles/24.tif
Data downloaded to /home/arogya/projects/afg-clustering/data/interim/tiles/28.tif
Data downloaded to /home/arogya/projects/afg-clustering/data/interim/tiles/38.tif
Generating URL ...
Downloading data from https://earthengine.googleapis.com/v1alpha/projects/earthengine-legacy/thumbnails/48e0ad34064d735ff82d3c1a9cf672aa-afcf4764037324b70a3c1e07137bca35:getPixels
Please wait ...
Generating URL ...
Data downloaded to /home/arogya/projects/afg-clustering/data/interim/tiles/14.tif
Data downloaded to /home/arogya/projects/afg-clustering/data/interim/tiles/19.tif
Data downloaded to /home/arogya/projects/afg-clustering/data/interim/tiles/34.tif
Downloading data from https://earthengine.googleapis.com/v1alpha/projects/earthengine-legacy/thumbnails/e88d6f7866c847567b2e07cbf0976589-eaf8305fcdcf475201f7e672f2ceddce:getPixels
Please wait ...
Data downloaded to /home/arogya/projects/afg-clustering/data/interim/tiles/39.tif
Data downloaded to /home/arogya/projects/afg-clustering/data/interim/tiles/29.tif
#### Download Complete in 125.38142919540405  ####
