
CommandNotFoundError: Your shell has not been properly configured to use 'conda activate'.
To initialize your shell, run

    $ conda init <SHELL_NAME>

Currently supported shells are:
  - bash
  - fish
  - tcsh
  - xonsh
  - zsh
  - powershell

See 'conda init --help' for more information and options.

IMPORTANT: You may need to close and restart your shell after running 'conda init'.


Started process for 100.gpkg. Writing logfile to: data/logs/download-100.txt
Exception in thread Thread-6:
Traceback (most recent call last):
  File "/Library/Developer/CommandLineTools/Library/Frameworks/Python3.framework/Versions/3.9/lib/python3.9/threading.py", line 973, in _bootstrap_inner
    self.run()
  File "/Library/Developer/CommandLineTools/Library/Frameworks/Python3.framework/Versions/3.9/lib/python3.9/threading.py", line 910, in run
    self._target(*self._args, **self._kwargs)
  File "/Library/Developer/CommandLineTools/Library/Frameworks/Python3.framework/Versions/3.9/lib/python3.9/multiprocessing/pool.py", line 576, in _handle_results
    task = get()
  File "/Library/Developer/CommandLineTools/Library/Frameworks/Python3.framework/Versions/3.9/lib/python3.9/multiprocessing/connection.py", line 256, in recv
    return _ForkingPickler.loads(buf.getbuffer())
  File "/Users/arogyak/projects/poppy-dev/poppy-env/lib/python3.9/site-packages/requests/exceptions.py", line 41, in __init__
    CompatJSONDecodeError.__init__(self, *args)
TypeError: __init__() missing 2 required positional arguments: 'doc' and 'pos'
